2018-08-02 12:00:05,956 INFO [perfStatsLogger] - <type=GAUGE, name=jvm.fd.usage, value=1.239776611328125E-4>
2018-08-02 12:00:05,956 INFO [perfStatsLogger] - <type=GAUGE, name=jvm.gc.PS-MarkSweep.count, value=8>
2018-08-02 12:00:05,956 INFO [perfStatsLogger] - <type=GAUGE, name=jvm.gc.PS-MarkSweep.time, value=15725>
2018-08-02 12:00:05,956 INFO [perfStatsLogger] - <type=GAUGE, name=jvm.gc.PS-Scavenge.count, value=1593>
2018-08-02 12:00:05,956 INFO [perfStatsLogger] - <type=GAUGE, name=jvm.gc.PS-Scavenge.time, value=212479>
2018-08-02 12:00:05,956 INFO [perfStatsLogger] - <type=GAUGE, name=jvm.memory.heap.committed, value=2088763392>
2018-08-02 12:00:05,956 INFO [perfStatsLogger] - <type=GAUGE, name=jvm.memory.heap.init, value=1073741824>
2018-08-02 12:00:05,956 INFO [perfStatsLogger] - <type=GAUGE, name=jvm.memory.heap.max, value=2088763392>
2018-08-02 12:00:05,956 INFO [perfStatsLogger] - <type=GAUGE, name=jvm.memory.heap.usage, value=0.9210717879145979>
2018-08-02 12:00:05,956 INFO [perfStatsLogger] - <type=GAUGE, name=jvm.memory.heap.used, value=1923901032>
2018-08-02 12:00:05,956 INFO [perfStatsLogger] - <type=GAUGE, name=jvm.memory.non-heap.committed, value=326066176>
2018-08-02 12:00:05,956 INFO [perfStatsLogger] - <type=GAUGE, name=jvm.memory.non-heap.init, value=2555904>
2018-08-02 12:00:05,956 INFO [perfStatsLogger] - <type=GAUGE, name=jvm.memory.non-heap.max, value=-1>
2018-08-02 12:00:05,956 INFO [perfStatsLogger] - <type=GAUGE, name=jvm.memory.non-heap.usage, value=-3.1950588E8>
2018-08-02 12:00:05,956 INFO [perfStatsLogger] - <type=GAUGE, name=jvm.memory.non-heap.used, value=319505880>
2018-08-02 12:00:05,956 INFO [perfStatsLogger] - <type=GAUGE, name=jvm.memory.pools.Code-Cache.committed, value=127139840>
2018-08-02 12:00:05,956 INFO [perfStatsLogger] - <type=GAUGE, name=jvm.memory.pools.Code-Cache.init, value=2555904>
2018-08-02 12:00:05,956 INFO [perfStatsLogger] - <type=GAUGE, name=jvm.memory.pools.Code-Cache.max, value=251658240>
2018-08-02 12:00:05,956 INFO [perfStatsLogger] - <type=GAUGE, name=jvm.memory.pools.Code-Cache.usage, value=0.5000473022460937>
2018-08-02 12:00:05,956 INFO [perfStatsLogger] - <type=GAUGE, name=jvm.memory.pools.Code-Cache.used, value=125841024>
2018-08-02 12:00:05,956 INFO [perfStatsLogger] - <type=GAUGE, name=jvm.memory.pools.Compressed-Class-Space.committed, value=20971520>
2018-08-02 12:00:05,956 INFO [perfStatsLogger] - <type=GAUGE, name=jvm.memory.pools.Compressed-Class-Space.init, value=0>
2018-08-02 12:00:05,956 INFO [perfStatsLogger] - <type=GAUGE, name=jvm.memory.pools.Compressed-Class-Space.max, value=1073741824>
2018-08-02 12:00:05,956 INFO [perfStatsLogger] - <type=GAUGE, name=jvm.memory.pools.Compressed-Class-Space.usage, value=0.018652833998203278>
2018-08-02 12:00:05,956 INFO [perfStatsLogger] - <type=GAUGE, name=jvm.memory.pools.Compressed-Class-Space.used, value=20028328>
2018-08-02 12:00:05,956 INFO [perfStatsLogger] - <type=GAUGE, name=jvm.memory.pools.Metaspace.committed, value=177954816>
2018-08-02 12:00:05,956 INFO [perfStatsLogger] - <type=GAUGE, name=jvm.memory.pools.Metaspace.init, value=0>
2018-08-02 12:00:05,956 INFO [perfStatsLogger] - <type=GAUGE, name=jvm.memory.pools.Metaspace.max, value=-1>
2018-08-02 12:00:05,956 INFO [perfStatsLogger] - <type=GAUGE, name=jvm.memory.pools.Metaspace.usage, value=0.975733795257331>
2018-08-02 12:00:05,956 INFO [perfStatsLogger] - <type=GAUGE, name=jvm.memory.pools.Metaspace.used, value=173636528>
2018-08-02 12:00:05,956 INFO [perfStatsLogger] - <type=GAUGE, name=jvm.memory.pools.PS-Eden-Space.committed, value=655884288>
2018-08-02 12:00:05,956 INFO [perfStatsLogger] - <type=GAUGE, name=jvm.memory.pools.PS-Eden-Space.init, value=268435456>
2018-08-02 12:00:05,956 INFO [perfStatsLogger] - <type=GAUGE, name=jvm.memory.pools.PS-Eden-Space.max, value=683671552>
2018-08-02 12:00:05,956 INFO [perfStatsLogger] - <type=GAUGE, name=jvm.memory.pools.PS-Eden-Space.usage, value=0.7630317547569977>
2018-08-02 12:00:05,956 INFO [perfStatsLogger] - <type=GAUGE, name=jvm.memory.pools.PS-Eden-Space.used, value=521663104>
2018-08-02 12:00:05,956 INFO [perfStatsLogger] - <type=GAUGE, name=jvm.memory.pools.PS-Eden-Space.used-after-gc, value=0>
2018-08-02 12:00:05,956 INFO [perfStatsLogger] - <type=GAUGE, name=jvm.memory.pools.PS-Old-Gen.committed, value=1431830528>
2018-08-02 12:00:05,956 INFO [perfStatsLogger] - <type=GAUGE, name=jvm.memory.pools.PS-Old-Gen.init, value=716177408>
2018-08-02 12:00:05,956 INFO [perfStatsLogger] - <type=GAUGE, name=jvm.memory.pools.PS-Old-Gen.max, value=1431830528>
2018-08-02 12:00:05,956 INFO [perfStatsLogger] - <type=GAUGE, name=jvm.memory.pools.PS-Old-Gen.usage, value=0.9787482782319892>
2018-08-02 12:00:05,956 INFO [perfStatsLogger] - <type=GAUGE, name=jvm.memory.pools.PS-Old-Gen.used, value=1401401664>
2018-08-02 12:00:05,956 INFO [perfStatsLogger] - <type=GAUGE, name=jvm.memory.pools.PS-Old-Gen.used-after-gc, value=350044560>
2018-08-02 12:00:05,956 INFO [perfStatsLogger] - <type=GAUGE, name=jvm.memory.pools.PS-Survivor-Space.committed, value=1048576>
2018-08-02 12:00:05,956 INFO [perfStatsLogger] - <type=GAUGE, name=jvm.memory.pools.PS-Survivor-Space.init, value=44564480>
2018-08-02 12:00:05,956 INFO [perfStatsLogger] - <type=GAUGE, name=jvm.memory.pools.PS-Survivor-Space.max, value=1048576>
2018-08-02 12:00:05,956 INFO [perfStatsLogger] - <type=GAUGE, name=jvm.memory.pools.PS-Survivor-Space.usage, value=0.9843902587890625>
2018-08-02 12:00:05,956 INFO [perfStatsLogger] - <type=GAUGE, name=jvm.memory.pools.PS-Survivor-Space.used, value=1032208>
2018-08-02 12:00:05,956 INFO [perfStatsLogger] - <type=GAUGE, name=jvm.memory.pools.PS-Survivor-Space.used-after-gc, value=1032208>
2018-08-02 12:00:05,956 INFO [perfStatsLogger] - <type=GAUGE, name=jvm.memory.total.committed, value=2414829568>
2018-08-02 12:00:05,956 INFO [perfStatsLogger] - <type=GAUGE, name=jvm.memory.total.init, value=1076297728>
2018-08-02 12:00:05,956 INFO [perfStatsLogger] - <type=GAUGE, name=jvm.memory.total.max, value=2088763391>
2018-08-02 12:00:05,956 INFO [perfStatsLogger] - <type=GAUGE, name=jvm.memory.total.used, value=2243602856>
2018-08-02 12:00:05,956 INFO [perfStatsLogger] - <type=GAUGE, name=thread-states.blocked.count, value=0>
2018-08-02 12:00:05,956 INFO [perfStatsLogger] - <type=GAUGE, name=thread-states.count, value=95>
2018-08-02 12:00:05,956 INFO [perfStatsLogger] - <type=GAUGE, name=thread-states.daemon.count, value=53>
2018-08-02 12:00:05,984 INFO [perfStatsLogger] - <type=GAUGE, name=thread-states.deadlock.count, value=0>
2018-08-02 12:00:06,037 INFO [perfStatsLogger] - <type=GAUGE, name=thread-states.deadlocks, value=[]>
2018-08-02 12:00:06,037 INFO [perfStatsLogger] - <type=GAUGE, name=thread-states.new.count, value=0>
2018-08-02 12:00:06,037 INFO [perfStatsLogger] - <type=GAUGE, name=thread-states.runnable.count, value=13>
2018-08-02 12:00:06,037 INFO [perfStatsLogger] - <type=GAUGE, name=thread-states.terminated.count, value=0>
2018-08-02 12:00:06,037 INFO [perfStatsLogger] - <type=GAUGE, name=thread-states.timed_waiting.count, value=38>
2018-08-02 12:00:06,038 INFO [perfStatsLogger] - <type=GAUGE, name=thread-states.waiting.count, value=44>
2018-08-02 12:00:06,038 INFO [perfStatsLogger] - <type=COUNTER, name=org.apereo.cas.DefaultCentralAuthenticationService$$EnhancerBySpringCGLIB$$ecb324a0.CREATE_PROXY_GRANTING_TICKET_COUNTER, count=0>
2018-08-02 12:00:06,038 INFO [perfStatsLogger] - <type=COUNTER, name=org.apereo.cas.DefaultCentralAuthenticationService$$EnhancerBySpringCGLIB$$ecb324a0.CREATE_TICKET_GRANTING_TICKET_COUNTER, count=0>
2018-08-02 12:00:06,038 INFO [perfStatsLogger] - <type=COUNTER, name=org.apereo.cas.DefaultCentralAuthenticationService$$EnhancerBySpringCGLIB$$ecb324a0.DELETE_TICKET_COUNTER, count=0>
2018-08-02 12:00:06,038 INFO [perfStatsLogger] - <type=COUNTER, name=org.apereo.cas.DefaultCentralAuthenticationService$$EnhancerBySpringCGLIB$$ecb324a0.DESTROY_TICKET_GRANTING_TICKET_COUNTER, count=0>
2018-08-02 12:00:06,038 INFO [perfStatsLogger] - <type=COUNTER, name=org.apereo.cas.DefaultCentralAuthenticationService$$EnhancerBySpringCGLIB$$ecb324a0.GET_TICKETS_COUNTER, count=0>
2018-08-02 12:00:06,038 INFO [perfStatsLogger] - <type=COUNTER, name=org.apereo.cas.DefaultCentralAuthenticationService$$EnhancerBySpringCGLIB$$ecb324a0.GET_TICKET_COUNTER, count=0>
2018-08-02 12:00:06,038 INFO [perfStatsLogger] - <type=COUNTER, name=org.apereo.cas.DefaultCentralAuthenticationService$$EnhancerBySpringCGLIB$$ecb324a0.GRANT_PROXY_TICKET_COUNTER, count=0>
2018-08-02 12:00:06,038 INFO [perfStatsLogger] - <type=COUNTER, name=org.apereo.cas.DefaultCentralAuthenticationService$$EnhancerBySpringCGLIB$$ecb324a0.GRANT_SERVICE_TICKET_COUNTER, count=0>
2018-08-02 12:00:06,038 INFO [perfStatsLogger] - <type=COUNTER, name=org.apereo.cas.DefaultCentralAuthenticationService$$EnhancerBySpringCGLIB$$ecb324a0.VALIDATE_SERVICE_TICKET_COUNTER, count=0>
2018-08-02 12:00:06,038 INFO [perfStatsLogger] - <type=COUNTER, name=org.apereo.cas.authentication.PolicyBasedAuthenticationManager.AUTHENTICATE_COUNT, count=58812>
2018-08-02 12:00:06,038 INFO [perfStatsLogger] - <type=METER, name=org.apereo.cas.DefaultCentralAuthenticationService$$EnhancerBySpringCGLIB$$ecb324a0.CREATE_PROXY_GRANTING_TICKET_METER, count=0, mean_rate=0.0, m1=0.0, m5=0.0, m15=0.0, rate_unit=events/millisecond>
2018-08-02 12:00:06,038 INFO [perfStatsLogger] - <type=METER, name=org.apereo.cas.DefaultCentralAuthenticationService$$EnhancerBySpringCGLIB$$ecb324a0.CREATE_TICKET_GRANTING_TICKET_METER, count=0, mean_rate=0.0, m1=0.0, m5=0.0, m15=0.0, rate_unit=events/millisecond>
2018-08-02 12:00:06,038 INFO [perfStatsLogger] - <type=METER, name=org.apereo.cas.DefaultCentralAuthenticationService$$EnhancerBySpringCGLIB$$ecb324a0.DELETE_TICKET_METER, count=0, mean_rate=0.0, m1=0.0, m5=0.0, m15=0.0, rate_unit=events/millisecond>
2018-08-02 12:00:06,038 INFO [perfStatsLogger] - <type=METER, name=org.apereo.cas.DefaultCentralAuthenticationService$$EnhancerBySpringCGLIB$$ecb324a0.DESTROY_TICKET_GRANTING_TICKET_METER, count=0, mean_rate=0.0, m1=0.0, m5=0.0, m15=0.0, rate_unit=events/millisecond>
2018-08-02 12:00:06,038 INFO [perfStatsLogger] - <type=METER, name=org.apereo.cas.DefaultCentralAuthenticationService$$EnhancerBySpringCGLIB$$ecb324a0.GET_TICKETS_METER, count=0, mean_rate=0.0, m1=0.0, m5=0.0, m15=0.0, rate_unit=events/millisecond>
2018-08-02 12:00:06,038 INFO [perfStatsLogger] - <type=METER, name=org.apereo.cas.DefaultCentralAuthenticationService$$EnhancerBySpringCGLIB$$ecb324a0.GET_TICKET_METER, count=0, mean_rate=0.0, m1=0.0, m5=0.0, m15=0.0, rate_unit=events/millisecond>
2018-08-02 12:00:06,038 INFO [perfStatsLogger] - <type=METER, name=org.apereo.cas.DefaultCentralAuthenticationService$$EnhancerBySpringCGLIB$$ecb324a0.GRANT_PROXY_TICKET_METER, count=0, mean_rate=0.0, m1=0.0, m5=0.0, m15=0.0, rate_unit=events/millisecond>
2018-08-02 12:00:06,038 INFO [perfStatsLogger] - <type=METER, name=org.apereo.cas.DefaultCentralAuthenticationService$$EnhancerBySpringCGLIB$$ecb324a0.GRANT_SERVICE_TICKET_METER, count=0, mean_rate=0.0, m1=0.0, m5=0.0, m15=0.0, rate_unit=events/millisecond>
2018-08-02 12:00:06,038 INFO [perfStatsLogger] - <type=METER, name=org.apereo.cas.DefaultCentralAuthenticationService$$EnhancerBySpringCGLIB$$ecb324a0.VALIDATE_SERVICE_TICKET_METER, count=0, mean_rate=0.0, m1=0.0, m5=0.0, m15=0.0, rate_unit=events/millisecond>
2018-08-02 12:00:06,038 INFO [perfStatsLogger] - <type=METER, name=org.apereo.cas.authentication.PolicyBasedAuthenticationManager.AUTHENTICATE_METER, count=58812, mean_rate=0.0, m1=0.0, m5=0.0, m15=0.0, rate_unit=events/millisecond>
2018-08-02 12:00:06,038 INFO [perfStatsLogger] - <type=TIMER, name=org.apereo.cas.DefaultCentralAuthenticationService$$EnhancerBySpringCGLIB$$ecb324a0.CREATE_PROXY_GRANTING_TICKET_TIMER, count=0, min=0.0, max=0.0, mean=0.0, stddev=0.0, median=0.0, p75=0.0, p95=0.0, p98=0.0, p99=0.0, p999=0.0, mean_rate=0.0, m1=0.0, m5=0.0, m15=0.0, rate_unit=events/millisecond, duration_unit=milliseconds>
2018-08-02 12:00:06,038 INFO [perfStatsLogger] - <type=TIMER, name=org.apereo.cas.DefaultCentralAuthenticationService$$EnhancerBySpringCGLIB$$ecb324a0.CREATE_TICKET_GRANTING_TICKET_TIMER, count=0, min=0.0, max=0.0, mean=0.0, stddev=0.0, median=0.0, p75=0.0, p95=0.0, p98=0.0, p99=0.0, p999=0.0, mean_rate=0.0, m1=0.0, m5=0.0, m15=0.0, rate_unit=events/millisecond, duration_unit=milliseconds>
2018-08-02 12:00:06,038 INFO [perfStatsLogger] - <type=TIMER, name=org.apereo.cas.DefaultCentralAuthenticationService$$EnhancerBySpringCGLIB$$ecb324a0.DELETE_TICKET_TIMER, count=0, min=0.0, max=0.0, mean=0.0, stddev=0.0, median=0.0, p75=0.0, p95=0.0, p98=0.0, p99=0.0, p999=0.0, mean_rate=0.0, m1=0.0, m5=0.0, m15=0.0, rate_unit=events/millisecond, duration_unit=milliseconds>
2018-08-02 12:00:06,038 INFO [perfStatsLogger] - <type=TIMER, name=org.apereo.cas.DefaultCentralAuthenticationService$$EnhancerBySpringCGLIB$$ecb324a0.DESTROY_TICKET_GRANTING_TICKET_TIMER, count=0, min=0.0, max=0.0, mean=0.0, stddev=0.0, median=0.0, p75=0.0, p95=0.0, p98=0.0, p99=0.0, p999=0.0, mean_rate=0.0, m1=0.0, m5=0.0, m15=0.0, rate_unit=events/millisecond, duration_unit=milliseconds>
2018-08-02 12:00:06,038 INFO [perfStatsLogger] - <type=TIMER, name=org.apereo.cas.DefaultCentralAuthenticationService$$EnhancerBySpringCGLIB$$ecb324a0.GET_TICKETS_TIMER, count=0, min=0.0, max=0.0, mean=0.0, stddev=0.0, median=0.0, p75=0.0, p95=0.0, p98=0.0, p99=0.0, p999=0.0, mean_rate=0.0, m1=0.0, m5=0.0, m15=0.0, rate_unit=events/millisecond, duration_unit=milliseconds>
2018-08-02 12:00:06,038 INFO [perfStatsLogger] - <type=TIMER, name=org.apereo.cas.DefaultCentralAuthenticationService$$EnhancerBySpringCGLIB$$ecb324a0.GET_TICKET_TIMER, count=0, min=0.0, max=0.0, mean=0.0, stddev=0.0, median=0.0, p75=0.0, p95=0.0, p98=0.0, p99=0.0, p999=0.0, mean_rate=0.0, m1=0.0, m5=0.0, m15=0.0, rate_unit=events/millisecond, duration_unit=milliseconds>
2018-08-02 12:00:06,038 INFO [perfStatsLogger] - <type=TIMER, name=org.apereo.cas.DefaultCentralAuthenticationService$$EnhancerBySpringCGLIB$$ecb324a0.GRANT_PROXY_TICKET_TIMER, count=0, min=0.0, max=0.0, mean=0.0, stddev=0.0, median=0.0, p75=0.0, p95=0.0, p98=0.0, p99=0.0, p999=0.0, mean_rate=0.0, m1=0.0, m5=0.0, m15=0.0, rate_unit=events/millisecond, duration_unit=milliseconds>
2018-08-02 12:00:06,038 INFO [perfStatsLogger] - <type=TIMER, name=org.apereo.cas.DefaultCentralAuthenticationService$$EnhancerBySpringCGLIB$$ecb324a0.GRANT_SERVICE_TICKET_TIMER, count=0, min=0.0, max=0.0, mean=0.0, stddev=0.0, median=0.0, p75=0.0, p95=0.0, p98=0.0, p99=0.0, p999=0.0, mean_rate=0.0, m1=0.0, m5=0.0, m15=0.0, rate_unit=events/millisecond, duration_unit=milliseconds>
2018-08-02 12:00:06,038 INFO [perfStatsLogger] - <type=TIMER, name=org.apereo.cas.DefaultCentralAuthenticationService$$EnhancerBySpringCGLIB$$ecb324a0.VALIDATE_SERVICE_TICKET_TIMER, count=0, min=0.0, max=0.0, mean=0.0, stddev=0.0, median=0.0, p75=0.0, p95=0.0, p98=0.0, p99=0.0, p999=0.0, mean_rate=0.0, m1=0.0, m5=0.0, m15=0.0, rate_unit=events/millisecond, duration_unit=milliseconds>
2018-08-02 12:00:06,038 INFO [perfStatsLogger] - <type=TIMER, name=org.apereo.cas.authentication.PolicyBasedAuthenticationManager.AUTHENTICATE_TIMER, count=58812, min=3.105701, max=7859.471173999999, mean=1709.5819027825041, stddev=1712.8374154085932, median=1222.494821, p75=2725.179601, p95=4986.720671, p98=6146.189915, p99=6956.810464, p999=7609.2020059999995, mean_rate=0.0, m1=0.0, m5=0.0, m15=0.0, rate_unit=events/millisecond, duration_unit=milliseconds>
