2018.07.30 07:10:25;openIdDemoc;MobileID;START_AUTH;
2018.07.30 07:10:25;openIdDemoc;MobileID;START_AUTH;
2018.07.30 07:10:26;openIdDemoc;MobileID;START_AUTH;
2018.07.30 07:10:33;openIdDemoc;MobileID;SUCCESSFUL_AUTH;
2018.07.30 07:10:33;openIdDemoc;MobileID;SUCCESSFUL_AUTH;
2018.07.30 07:10:33;openIdDemoc;MobileID;SUCCESSFUL_AUTH;
2018.07.30 07:10:48;openIdDemoc;MobileID;SUCCESSFUL_AUTH;
2018.07.30 07:10:48;openIdDemoc;MobileID;SUCCESSFUL_AUTH;
2018.07.30 07:10:49;openIdDemoc;MobileID;SUCCESSFUL_AUTH;
2018.07.30 07:10:49;openIdDemoc;IDCard;START_AUTH;
2018.07.30 07:10:49;openIdDemoc;IDCard;START_AUTH;
2018.07.30 07:10:49;openIdDemoc;IDCard;START_AUTH;
2018.07.30 07:10:56;openIdDemoc;IDCard;SUCCESSFUL_AUTH;
2018.07.30 07:10:56;openIdDemoc;IDCard;SUCCESSFUL_AUTH;
2018.07.30 07:10:56;openIdDemoc;IDCard;SUCCESSFUL_AUTH;
2018.07.30 07:11:32;openIdDemoc;MobileID;START_AUTH;
2018.07.30 07:11:32;openIdDemoc;MobileID;START_AUTH;
2018.07.30 07:11:32;openIdDemoc;MobileID;START_AUTH;
2018.07.30 07:11:33;openIdDemoc;MobileID;START_AUTH;
2018.07.30 07:11:33;openIdDemoc;MobileID;START_AUTH;
2018.07.30 07:11:33;openIdDemoc;MobileID;START_AUTH;
2018.07.30 07:11:33;openIdDemoc;MobileID;START_AUTH;
2018.07.30 07:11:39;openIdDemoc;MobileID;SUCCESSFUL_AUTH;
2018.07.30 07:11:40;openIdDemoc;MobileID;SUCCESSFUL_AUTH;
2018.07.30 07:11:40;openIdDemoc;MobileID;SUCCESSFUL_AUTH;
2018.07.30 07:11:40;openIdDemoc;MobileID;SUCCESSFUL_AUTH;
2018.07.30 07:11:40;openIdDemoc;MobileID;SUCCESSFUL_AUTH;
2018.07.30 07:11:40;openIdDemoc;MobileID;SUCCESSFUL_AUTH;
2018.07.30 07:11:41;openIdDemoc;MobileID;SUCCESSFUL_AUTH;
2018.07.30 07:11:55;openIdDemoc;MobileID;SUCCESSFUL_AUTH;
2018.07.30 07:11:55;openIdDemoc;MobileID;SUCCESSFUL_AUTH;
2018.07.30 07:11:55;openIdDemoc;MobileID;SUCCESSFUL_AUTH;
2018.07.30 07:11:56;openIdDemoc;IDCard;START_AUTH;
2018.07.30 07:11:56;openIdDemoc;MobileID;SUCCESSFUL_AUTH;
2018.07.30 07:11:56;openIdDemoc;MobileID;SUCCESSFUL_AUTH;
2018.07.30 07:11:56;openIdDemoc;IDCard;START_AUTH;
2018.07.30 07:11:57;openIdDemoc;MobileID;SUCCESSFUL_AUTH;
2018.07.30 07:11:57;openIdDemoc;MobileID;SUCCESSFUL_AUTH;
2018.07.30 07:11:58;openIdDemoc;IDCard;START_AUTH;
2018.07.30 07:11:58;openIdDemoc;IDCard;START_AUTH;
2018.07.30 07:11:59;openIdDemoc;IDCard;START_AUTH;
2018.07.30 07:11:59;openIdDemoc;IDCard;START_AUTH;
2018.07.30 07:11:59;openIdDemoc;IDCard;START_AUTH;
2018.07.30 07:12:03;openIdDemoc;IDCard;SUCCESSFUL_AUTH;
2018.07.30 07:12:03;openIdDemoc;IDCard;SUCCESSFUL_AUTH;
2018.07.30 07:12:05;openIdDemoc;IDCard;SUCCESSFUL_AUTH;
2018.07.30 07:12:05;openIdDemoc;IDCard;SUCCESSFUL_AUTH;
2018.07.30 07:12:06;openIdDemoc;IDCard;SUCCESSFUL_AUTH;
2018.07.30 07:12:06;openIdDemoc;IDCard;SUCCESSFUL_AUTH;
2018.07.30 07:12:06;openIdDemoc;IDCard;SUCCESSFUL_AUTH;
2018.07.30 07:16:38;openIdDemoc;BankLink;START_AUTH;
2018.07.30 07:16:38;openIdDemoc;BankLink;START_AUTH;
2018.07.30 07:16:38;openIdDemoc;BankLink;START_AUTH;
2018.07.30 07:16:38;openIdDemoc;BankLink;START_AUTH;
2018.07.30 07:16:38;openIdDemoc;BankLink;SUCCESSFUL_AUTH;
2018.07.30 07:16:39;openIdDemoc;BankLink;START_AUTH;
2018.07.30 07:16:39;openIdDemoc;BankLink;SUCCESSFUL_AUTH;
2018.07.30 07:16:39;openIdDemoc;BankLink;START_AUTH;
2018.07.30 07:16:39;openIdDemoc;BankLink;SUCCESSFUL_AUTH;
2018.07.30 07:16:39;openIdDemoc;BankLink;SUCCESSFUL_AUTH;
2018.07.30 07:16:39;openIdDemoc;BankLink;SUCCESSFUL_AUTH;
2018.07.30 07:16:40;openIdDemoc;BankLink;SUCCESSFUL_AUTH;
2018.07.30 07:16:41;openIdDemoc;BankLink;START_AUTH;
2018.07.30 07:16:42;openIdDemoc;BankLink;SUCCESSFUL_AUTH;
2018.07.30 07:16:42;openIdDemoc;MobileID;START_AUTH;
2018.07.30 07:16:42;openIdDemoc;MobileID;START_AUTH;
2018.07.30 07:16:42;openIdDemoc;MobileID;START_AUTH;
2018.07.30 07:16:42;openIdDemoc;MobileID;START_AUTH;
2018.07.30 07:16:42;openIdDemoc;MobileID;START_AUTH;
2018.07.30 07:16:42;openIdDemoc;MobileID;START_AUTH;
2018.07.30 07:16:44;openIdDemoc;MobileID;START_AUTH;
2018.07.30 07:16:49;openIdDemoc;MobileID;SUCCESSFUL_AUTH;
2018.07.30 07:16:49;openIdDemoc;MobileID;SUCCESSFUL_AUTH;
2018.07.30 07:16:50;openIdDemoc;MobileID;SUCCESSFUL_AUTH;
2018.07.30 07:16:50;openIdDemoc;MobileID;SUCCESSFUL_AUTH;
2018.07.30 07:16:50;openIdDemoc;MobileID;SUCCESSFUL_AUTH;
2018.07.30 07:16:50;openIdDemoc;MobileID;SUCCESSFUL_AUTH;
2018.07.30 07:16:51;openIdDemoc;MobileID;SUCCESSFUL_AUTH;
2018.07.30 07:17:06;openIdDemoc;MobileID;SUCCESSFUL_AUTH;
2018.07.30 07:17:06;openIdDemoc;MobileID;SUCCESSFUL_AUTH;
2018.07.30 07:17:06;openIdDemoc;MobileID;SUCCESSFUL_AUTH;
2018.07.30 07:17:06;openIdDemoc;MobileID;SUCCESSFUL_AUTH;
2018.07.30 07:17:06;openIdDemoc;MobileID;SUCCESSFUL_AUTH;
2018.07.30 07:17:06;openIdDemoc;MobileID;SUCCESSFUL_AUTH;
2018.07.30 07:17:07;openIdDemoc;MobileID;SUCCESSFUL_AUTH;
2018.07.30 07:17:09;openIdDemoc;IDCard;START_AUTH;
2018.07.30 07:17:09;openIdDemoc;IDCard;START_AUTH;
2018.07.30 07:17:10;openIdDemoc;IDCard;START_AUTH;
2018.07.30 07:17:10;openIdDemoc;IDCard;START_AUTH;
2018.07.30 07:17:10;openIdDemoc;IDCard;START_AUTH;
2018.07.30 07:17:10;openIdDemoc;IDCard;START_AUTH;
2018.07.30 07:17:11;openIdDemoc;IDCard;START_AUTH;
2018.07.30 07:17:16;openIdDemoc;IDCard;SUCCESSFUL_AUTH;
2018.07.30 07:17:16;openIdDemoc;IDCard;SUCCESSFUL_AUTH;
2018.07.30 07:17:17;openIdDemoc;IDCard;SUCCESSFUL_AUTH;
2018.07.30 07:17:17;openIdDemoc;IDCard;SUCCESSFUL_AUTH;
2018.07.30 07:17:17;openIdDemoc;IDCard;SUCCESSFUL_AUTH;
2018.07.30 07:17:17;openIdDemoc;IDCard;SUCCESSFUL_AUTH;
2018.07.30 07:17:18;openIdDemoc;IDCard;SUCCESSFUL_AUTH;
2018.07.30 07:19:02;openIdDemoc;BankLink;START_AUTH;
2018.07.30 07:19:04;openIdDemoc;BankLink;SUCCESSFUL_AUTH;
2018.07.30 07:19:05;openIdDemoc;BankLink;START_AUTH;
2018.07.30 07:19:05;openIdDemoc;BankLink;START_AUTH;
2018.07.30 07:19:05;openIdDemoc;BankLink;START_AUTH;
2018.07.30 07:19:05;openIdDemoc;BankLink;START_AUTH;
2018.07.30 07:19:05;openIdDemoc;BankLink;START_AUTH;
2018.07.30 07:19:05;openIdDemoc;BankLink;SUCCESSFUL_AUTH;
2018.07.30 07:19:05;openIdDemoc;BankLink;SUCCESSFUL_AUTH;
2018.07.30 07:19:05;openIdDemoc;BankLink;SUCCESSFUL_AUTH;
2018.07.30 07:19:05;openIdDemoc;BankLink;SUCCESSFUL_AUTH;
2018.07.30 07:19:05;openIdDemoc;BankLink;SUCCESSFUL_AUTH;
2018.07.30 07:19:06;openIdDemoc;BankLink;START_AUTH;
2018.07.30 07:19:06;openIdDemoc;BankLink;SUCCESSFUL_AUTH;
2018.07.30 07:19:07;openIdDemoc;MobileID;START_AUTH;
2018.07.30 07:19:08;openIdDemoc;MobileID;START_AUTH;
2018.07.30 07:19:08;openIdDemoc;MobileID;START_AUTH;
2018.07.30 07:19:08;openIdDemoc;MobileID;START_AUTH;
2018.07.30 07:19:08;openIdDemoc;MobileID;START_AUTH;
2018.07.30 07:19:08;openIdDemoc;MobileID;START_AUTH;
2018.07.30 07:19:08;openIdDemoc;MobileID;START_AUTH;
2018.07.30 07:19:14;openIdDemoc;MobileID;SUCCESSFUL_AUTH;
2018.07.30 07:19:15;openIdDemoc;MobileID;SUCCESSFUL_AUTH;
2018.07.30 07:19:15;openIdDemoc;MobileID;SUCCESSFUL_AUTH;
2018.07.30 07:19:15;openIdDemoc;MobileID;SUCCESSFUL_AUTH;
2018.07.30 07:19:15;openIdDemoc;MobileID;SUCCESSFUL_AUTH;
2018.07.30 07:19:16;openIdDemoc;MobileID;SUCCESSFUL_AUTH;
2018.07.30 07:19:16;openIdDemoc;MobileID;SUCCESSFUL_AUTH;
2018.07.30 07:19:30;openIdDemoc;MobileID;SUCCESSFUL_AUTH;
2018.07.30 07:19:31;openIdDemoc;MobileID;SUCCESSFUL_AUTH;
2018.07.30 07:19:31;openIdDemoc;MobileID;SUCCESSFUL_AUTH;
2018.07.30 07:19:31;openIdDemoc;IDCard;START_AUTH;
2018.07.30 07:19:32;openIdDemoc;MobileID;SUCCESSFUL_AUTH;
2018.07.30 07:19:32;openIdDemoc;MobileID;SUCCESSFUL_AUTH;
2018.07.30 07:19:32;openIdDemoc;MobileID;SUCCESSFUL_AUTH;
2018.07.30 07:19:32;openIdDemoc;MobileID;SUCCESSFUL_AUTH;
2018.07.30 07:19:32;openIdDemoc;IDCard;START_AUTH;
2018.07.30 07:19:33;openIdDemoc;IDCard;START_AUTH;
2018.07.30 07:19:34;openIdDemoc;IDCard;START_AUTH;
2018.07.30 07:19:34;openIdDemoc;IDCard;START_AUTH;
2018.07.30 07:19:34;openIdDemoc;IDCard;START_AUTH;
2018.07.30 07:19:34;openIdDemoc;IDCard;START_AUTH;
2018.07.30 07:19:38;openIdDemoc;IDCard;SUCCESSFUL_AUTH;
2018.07.30 07:19:39;openIdDemoc;IDCard;SUCCESSFUL_AUTH;
2018.07.30 07:19:40;openIdDemoc;IDCard;SUCCESSFUL_AUTH;
2018.07.30 07:19:41;openIdDemoc;IDCard;SUCCESSFUL_AUTH;
2018.07.30 07:19:41;openIdDemoc;IDCard;SUCCESSFUL_AUTH;
2018.07.30 07:19:41;openIdDemoc;IDCard;SUCCESSFUL_AUTH;
2018.07.30 07:19:42;openIdDemoc;IDCard;SUCCESSFUL_AUTH;
2018.07.30 07:20:39;openIdDemoc;IDCard;START_AUTH;
2018.07.30 07:20:46;openIdDemoc;IDCard;SUCCESSFUL_AUTH;
