2018.07.30 09:45:15;openIdDemob;BankLink;START_AUTH;
2018.07.30 09:45:15;openIdDemoe;BankLink;START_AUTH;
2018.07.30 09:45:16;openIdDemob;BankLink;SUCCESSFUL_AUTH;
2018.07.30 09:45:16;openIdDemoh;BankLink;START_AUTH;
2018.07.30 09:45:16;openIdDemoe;BankLink;SUCCESSFUL_AUTH;
2018.07.30 09:45:16;openIdDemoa;BankLink;START_AUTH;
2018.07.30 09:45:16;openIdDemoh;BankLink;SUCCESSFUL_AUTH;
2018.07.30 09:45:16;openIdDemod;BankLink;START_AUTH;
2018.07.30 09:45:16;openIdDemoa;BankLink;SUCCESSFUL_AUTH;
2018.07.30 09:45:16;openIdDemog;BankLink;START_AUTH;
2018.07.30 09:45:16;openIdDemod;BankLink;SUCCESSFUL_AUTH;
2018.07.30 09:45:16;openIdDemoj;BankLink;START_AUTH;
2018.07.30 09:45:16;openIdDemog;BankLink;SUCCESSFUL_AUTH;
2018.07.30 09:45:16;openIdDemoj;BankLink;SUCCESSFUL_AUTH;
2018.07.30 09:45:17;openIdDemob;MobileID;START_AUTH;
2018.07.30 09:45:17;openIdDemoe;MobileID;START_AUTH;
2018.07.30 09:45:17;openIdDemoh;MobileID;START_AUTH;
2018.07.30 09:45:18;openIdDemoa;MobileID;START_AUTH;
2018.07.30 09:45:18;openIdDemod;MobileID;START_AUTH;
2018.07.30 09:45:19;openIdDemoj;MobileID;START_AUTH;
2018.07.30 09:45:19;openIdDemog;MobileID;START_AUTH;
2018.07.30 09:45:24;openIdDemob;MobileID;SUCCESSFUL_AUTH;
2018.07.30 09:45:24;openIdDemoe;MobileID;SUCCESSFUL_AUTH;
2018.07.30 09:45:24;openIdDemoh;MobileID;SUCCESSFUL_AUTH;
2018.07.30 09:45:25;openIdDemoa;MobileID;SUCCESSFUL_AUTH;
2018.07.30 09:45:26;openIdDemod;MobileID;SUCCESSFUL_AUTH;
2018.07.30 09:45:26;openIdDemoj;MobileID;SUCCESSFUL_AUTH;
2018.07.30 09:45:26;openIdDemog;MobileID;SUCCESSFUL_AUTH;
2018.07.30 09:45:39;openIdDemob;MobileID;SUCCESSFUL_AUTH;
2018.07.30 09:45:39;openIdDemoe;MobileID;SUCCESSFUL_AUTH;
2018.07.30 09:45:40;openIdDemoh;MobileID;SUCCESSFUL_AUTH;
2018.07.30 09:45:40;openIdDemob;IDCard;START_AUTH;
2018.07.30 09:45:41;openIdDemoe;IDCard;START_AUTH;
2018.07.30 09:45:41;openIdDemoh;IDCard;START_AUTH;
2018.07.30 09:45:41;openIdDemoa;MobileID;SUCCESSFUL_AUTH;
2018.07.30 09:45:41;openIdDemod;MobileID;SUCCESSFUL_AUTH;
2018.07.30 09:45:41;openIdDemog;MobileID;SUCCESSFUL_AUTH;
2018.07.30 09:45:41;openIdDemoj;MobileID;SUCCESSFUL_AUTH;
2018.07.30 09:45:42;openIdDemoa;IDCard;START_AUTH;
2018.07.30 09:45:43;openIdDemog;IDCard;START_AUTH;
2018.07.30 09:45:43;openIdDemoj;IDCard;START_AUTH;
2018.07.30 09:45:43;openIdDemod;IDCard;START_AUTH;
2018.07.30 09:45:47;openIdDemob;IDCard;SUCCESSFUL_AUTH;
2018.07.30 09:45:48;openIdDemoe;IDCard;SUCCESSFUL_AUTH;
2018.07.30 09:45:48;openIdDemoh;IDCard;SUCCESSFUL_AUTH;
2018.07.30 09:45:49;openIdDemoa;IDCard;SUCCESSFUL_AUTH;
2018.07.30 09:45:50;openIdDemog;IDCard;SUCCESSFUL_AUTH;
2018.07.30 09:45:50;openIdDemoj;IDCard;SUCCESSFUL_AUTH;
2018.07.30 09:45:50;openIdDemod;IDCard;SUCCESSFUL_AUTH;
