2018.07.24 13:00:56;openIdDemoa;MobileID;START_AUTH;
2018.07.24 13:00:57;openIdDemob;MobileID;START_AUTH;
2018.07.24 13:00:57;openIdDemod;MobileID;START_AUTH;
2018.07.24 13:00:57;openIdDemoc;MobileID;START_AUTH;
2018.07.24 13:00:57;openIdDemoe;MobileID;START_AUTH;
2018.07.24 13:00:57;openIdDemof;MobileID;START_AUTH;
2018.07.24 13:00:57;openIdDemog;MobileID;START_AUTH;
2018.07.24 13:00:57;openIdDemoh;MobileID;START_AUTH;
2018.07.24 13:00:57;openIdDemoi;MobileID;START_AUTH;
2018.07.24 13:00:57;openIdDemoj;MobileID;START_AUTH;
2018.07.24 13:00:57;openIdDemoa;MobileID;START_AUTH;
2018.07.24 13:00:58;openIdDemob;MobileID;START_AUTH;
2018.07.24 13:00:58;openIdDemod;MobileID;START_AUTH;
2018.07.24 13:00:59;openIdDemoh;MobileID;START_AUTH;
2018.07.24 13:01:00;openIdDemoe;MobileID;START_AUTH;
2018.07.24 13:01:00;openIdDemoj;MobileID;START_AUTH;
2018.07.24 13:01:00;openIdDemof;MobileID;START_AUTH;
2018.07.24 13:01:00;openIdDemoi;MobileID;START_AUTH;
2018.07.24 13:01:00;openIdDemog;MobileID;START_AUTH;
2018.07.24 13:01:04;openIdDemoa;MobileID;SUCCESSFUL_AUTH;
2018.07.24 13:01:04;openIdDemob;MobileID;SUCCESSFUL_AUTH;
2018.07.24 13:01:04;openIdDemod;MobileID;SUCCESSFUL_AUTH;
2018.07.24 13:01:04;openIdDemoc;MobileID;SUCCESSFUL_AUTH;
2018.07.24 13:01:04;openIdDemoe;MobileID;SUCCESSFUL_AUTH;
2018.07.24 13:01:04;openIdDemof;MobileID;SUCCESSFUL_AUTH;
2018.07.24 13:01:04;openIdDemog;MobileID;SUCCESSFUL_AUTH;
2018.07.24 13:01:04;openIdDemoh;MobileID;SUCCESSFUL_AUTH;
2018.07.24 13:01:04;openIdDemoi;MobileID;SUCCESSFUL_AUTH;
2018.07.24 13:01:04;openIdDemoj;MobileID;SUCCESSFUL_AUTH;
2018.07.24 13:01:04;openIdDemoa;MobileID;SUCCESSFUL_AUTH;
2018.07.24 13:01:05;openIdDemob;MobileID;SUCCESSFUL_AUTH;
2018.07.24 13:01:06;openIdDemod;MobileID;SUCCESSFUL_AUTH;
2018.07.24 13:01:07;openIdDemoh;MobileID;SUCCESSFUL_AUTH;
2018.07.24 13:01:07;openIdDemoe;MobileID;SUCCESSFUL_AUTH;
2018.07.24 13:01:07;openIdDemoj;MobileID;SUCCESSFUL_AUTH;
2018.07.24 13:01:07;openIdDemof;MobileID;SUCCESSFUL_AUTH;
2018.07.24 13:01:07;openIdDemoi;MobileID;SUCCESSFUL_AUTH;
2018.07.24 13:01:07;openIdDemog;MobileID;SUCCESSFUL_AUTH;
2018.07.24 13:01:19;openIdDemoa;MobileID;SUCCESSFUL_AUTH;
2018.07.24 13:01:20;openIdDemob;MobileID;SUCCESSFUL_AUTH;
2018.07.24 13:01:20;openIdDemoc;MobileID;SUCCESSFUL_AUTH;
2018.07.24 13:01:20;openIdDemod;MobileID;SUCCESSFUL_AUTH;
2018.07.24 13:01:20;openIdDemoe;MobileID;SUCCESSFUL_AUTH;
2018.07.24 13:01:20;openIdDemog;MobileID;SUCCESSFUL_AUTH;
2018.07.24 13:01:20;openIdDemoa;MobileID;SUCCESSFUL_AUTH;
2018.07.24 13:01:20;openIdDemoj;MobileID;SUCCESSFUL_AUTH;
2018.07.24 13:01:20;openIdDemof;MobileID;SUCCESSFUL_AUTH;
2018.07.24 13:01:20;openIdDemoi;MobileID;SUCCESSFUL_AUTH;
2018.07.24 13:01:20;openIdDemoh;MobileID;SUCCESSFUL_AUTH;
2018.07.24 13:01:21;openIdDemob;MobileID;SUCCESSFUL_AUTH;
2018.07.24 13:01:21;openIdDemod;MobileID;SUCCESSFUL_AUTH;
2018.07.24 13:01:23;openIdDemoh;MobileID;SUCCESSFUL_AUTH;
2018.07.24 13:01:23;openIdDemoj;MobileID;SUCCESSFUL_AUTH;
2018.07.24 13:01:23;openIdDemoe;MobileID;SUCCESSFUL_AUTH;
2018.07.24 13:01:23;openIdDemog;MobileID;SUCCESSFUL_AUTH;
2018.07.24 13:01:23;openIdDemoi;MobileID;SUCCESSFUL_AUTH;
2018.07.24 13:01:24;openIdDemof;MobileID;SUCCESSFUL_AUTH;
2018.07.24 13:13:50;openIdDemof;MobileID;START_AUTH;
2018.07.24 13:13:51;openIdDemoi;MobileID;START_AUTH;
2018.07.24 13:13:51;openIdDemof;MobileID;START_AUTH;
2018.07.24 13:13:51;openIdDemob;MobileID;START_AUTH;
2018.07.24 13:13:52;openIdDemog;IDCard;START_AUTH;
2018.07.24 13:13:52;openIdDemod;IDCard;START_AUTH;
2018.07.24 13:13:52;openIdDemoh;IDCard;START_AUTH;
2018.07.24 13:13:52;openIdDemoa;IDCard;START_AUTH;
2018.07.24 13:13:54;openIdDemoh;IDCard;START_AUTH;
2018.07.24 13:13:54;openIdDemod;IDCard;START_AUTH;
2018.07.24 13:13:54;openIdDemoc;IDCard;START_AUTH;
2018.07.24 13:13:54;openIdDemog;IDCard;START_AUTH;
2018.07.24 13:13:54;openIdDemoc;IDCard;START_AUTH;
2018.07.24 13:13:54;openIdDemoi;MobileID;START_AUTH;
2018.07.24 13:13:54;openIdDemob;MobileID;START_AUTH;
2018.07.24 13:13:54;openIdDemoa;IDCard;START_AUTH;
2018.07.24 13:13:54;openIdDemoj;IDCard;START_AUTH;
2018.07.24 13:13:54;openIdDemoj;IDCard;START_AUTH;
2018.07.24 13:13:56;openIdDemod;IDCard;SUCCESSFUL_AUTH;
2018.07.24 13:13:56;openIdDemoh;IDCard;SUCCESSFUL_AUTH;
2018.07.24 13:13:56;openIdDemog;IDCard;SUCCESSFUL_AUTH;
2018.07.24 13:13:56;openIdDemoa;IDCard;SUCCESSFUL_AUTH;
2018.07.24 13:13:56;openIdDemoj;IDCard;SUCCESSFUL_AUTH;
2018.07.24 13:13:56;openIdDemoc;IDCard;SUCCESSFUL_AUTH;
2018.07.24 13:13:56;openIdDemoa;IDCard;SUCCESSFUL_AUTH;
2018.07.24 13:13:56;openIdDemog;IDCard;SUCCESSFUL_AUTH;
2018.07.24 13:13:56;openIdDemoc;IDCard;SUCCESSFUL_AUTH;
2018.07.24 13:13:56;openIdDemod;IDCard;SUCCESSFUL_AUTH;
2018.07.24 13:13:56;openIdDemoh;IDCard;SUCCESSFUL_AUTH;
2018.07.24 13:13:56;openIdDemoj;IDCard;SUCCESSFUL_AUTH;
2018.07.24 13:13:58;openIdDemof;MobileID;SUCCESSFUL_AUTH;
2018.07.24 13:13:59;openIdDemob;MobileID;SUCCESSFUL_AUTH;
2018.07.24 13:13:59;openIdDemoi;MobileID;SUCCESSFUL_AUTH;
2018.07.24 13:13:59;openIdDemof;MobileID;SUCCESSFUL_AUTH;
2018.07.24 13:14:02;openIdDemob;MobileID;SUCCESSFUL_AUTH;
2018.07.24 13:14:03;openIdDemoi;MobileID;SUCCESSFUL_AUTH;
2018.07.24 13:14:16;openIdDemof;MobileID;SUCCESSFUL_AUTH;
2018.07.24 13:14:18;openIdDemob;MobileID;SUCCESSFUL_AUTH;
2018.07.24 13:14:18;openIdDemof;IDCard;START_AUTH;
2018.07.24 13:14:19;openIdDemof;IDCard;SUCCESSFUL_AUTH;
2018.07.24 13:14:19;openIdDemof;MobileID;SUCCESSFUL_AUTH;
2018.07.24 13:14:19;openIdDemoi;MobileID;SUCCESSFUL_AUTH;
2018.07.24 13:14:20;openIdDemoi;MobileID;SUCCESSFUL_AUTH;
2018.07.24 13:14:20;openIdDemob;MobileID;SUCCESSFUL_AUTH;
2018.07.24 13:14:21;openIdDemof;IDCard;START_AUTH;
2018.07.24 13:14:22;openIdDemof;IDCard;SUCCESSFUL_AUTH;
