2018.08.01 08:25:29;openIdDemoc;MobileID;START_AUTH;
2018.08.01 08:25:42;openIdDemoc;MobileID;SUCCESSFUL_AUTH;
2018.08.01 08:29:23;openIdDemoc;BankLink;START_AUTH;
2018.08.01 08:29:24;openIdDemoc;BankLink;SUCCESSFUL_AUTH;
2018.08.01 08:39:10;openIdDemoc;IDCard;START_AUTH;
2018.08.01 08:39:17;openIdDemoc;IDCard;SUCCESSFUL_AUTH;
2018.08.01 08:40:49;openIdDemoc;IDCard;START_AUTH;
2018.08.01 08:40:49;openIdDemoc;IDCard;START_AUTH;
2018.08.01 08:40:49;openIdDemoc;IDCard;START_AUTH;
2018.08.01 08:40:49;openIdDemoc;IDCard;START_AUTH;
2018.08.01 08:40:49;openIdDemoc;IDCard;START_AUTH;
2018.08.01 08:40:49;openIdDemoc;IDCard;START_AUTH;
2018.08.01 08:40:49;openIdDemoc;IDCard;START_AUTH;
2018.08.01 08:40:49;openIdDemoc;IDCard;START_AUTH;
2018.08.01 08:40:49;openIdDemoc;IDCard;START_AUTH;
2018.08.01 08:40:49;openIdDemoc;IDCard;START_AUTH;
2018.08.01 08:40:49;openIdDemoc;IDCard;START_AUTH;
2018.08.01 08:40:50;openIdDemoc;IDCard;START_AUTH;
2018.08.01 08:40:50;openIdDemoc;IDCard;START_AUTH;
2018.08.01 08:40:53;openIdDemoc;IDCard;START_AUTH;
2018.08.01 08:40:53;openIdDemoc;IDCard;START_AUTH;
2018.08.01 08:40:53;openIdDemoc;IDCard;START_AUTH;
2018.08.01 08:40:53;openIdDemoc;IDCard;START_AUTH;
2018.08.01 08:40:53;openIdDemoc;IDCard;START_AUTH;
2018.08.01 08:40:53;openIdDemoc;IDCard;START_AUTH;
2018.08.01 08:40:53;openIdDemoc;IDCard;START_AUTH;
2018.08.01 08:40:53;openIdDemoc;IDCard;START_AUTH;
2018.08.01 08:40:53;openIdDemoc;IDCard;START_AUTH;
2018.08.01 08:40:53;openIdDemoc;IDCard;START_AUTH;
2018.08.01 08:40:53;openIdDemoc;IDCard;START_AUTH;
2018.08.01 08:40:53;openIdDemoc;IDCard;START_AUTH;
2018.08.01 08:40:53;openIdDemoc;IDCard;START_AUTH;
2018.08.01 08:40:53;openIdDemoc;IDCard;START_AUTH;
2018.08.01 08:40:54;openIdDemoc;IDCard;START_AUTH;
2018.08.01 08:40:54;openIdDemoc;IDCard;START_AUTH;
2018.08.01 08:40:54;openIdDemoc;IDCard;START_AUTH;
2018.08.01 08:40:54;openIdDemoc;IDCard;START_AUTH;
2018.08.01 08:40:54;openIdDemoc;IDCard;START_AUTH;
2018.08.01 08:40:54;openIdDemoc;IDCard;START_AUTH;
2018.08.01 08:40:54;openIdDemoc;IDCard;START_AUTH;
2018.08.01 08:40:54;openIdDemoc;IDCard;START_AUTH;
2018.08.01 08:40:54;openIdDemoc;IDCard;START_AUTH;
2018.08.01 08:40:54;openIdDemoc;IDCard;START_AUTH;
2018.08.01 08:40:54;openIdDemoc;IDCard;START_AUTH;
2018.08.01 08:40:55;openIdDemoc;IDCard;START_AUTH;
2018.08.01 08:40:55;openIdDemoc;IDCard;START_AUTH;
2018.08.01 08:40:56;openIdDemoc;IDCard;SUCCESSFUL_AUTH;
2018.08.01 08:40:56;openIdDemoc;IDCard;SUCCESSFUL_AUTH;
2018.08.01 08:40:56;openIdDemoc;IDCard;SUCCESSFUL_AUTH;
2018.08.01 08:40:56;openIdDemoc;IDCard;SUCCESSFUL_AUTH;
2018.08.01 08:40:56;openIdDemoc;IDCard;SUCCESSFUL_AUTH;
2018.08.01 08:40:56;openIdDemoc;IDCard;SUCCESSFUL_AUTH;
2018.08.01 08:40:56;openIdDemoc;IDCard;SUCCESSFUL_AUTH;
2018.08.01 08:40:56;openIdDemoc;IDCard;SUCCESSFUL_AUTH;
2018.08.01 08:40:56;openIdDemoc;IDCard;SUCCESSFUL_AUTH;
2018.08.01 08:40:56;openIdDemoc;IDCard;SUCCESSFUL_AUTH;
2018.08.01 08:40:56;openIdDemoc;IDCard;SUCCESSFUL_AUTH;
2018.08.01 08:40:57;openIdDemoc;IDCard;SUCCESSFUL_AUTH;
2018.08.01 08:40:57;openIdDemoc;IDCard;SUCCESSFUL_AUTH;
2018.08.01 08:41:00;openIdDemoc;IDCard;SUCCESSFUL_AUTH;
2018.08.01 08:41:00;openIdDemoc;IDCard;SUCCESSFUL_AUTH;
2018.08.01 08:41:00;openIdDemoc;IDCard;SUCCESSFUL_AUTH;
2018.08.01 08:41:00;openIdDemoc;IDCard;SUCCESSFUL_AUTH;
2018.08.01 08:41:00;openIdDemoc;IDCard;SUCCESSFUL_AUTH;
2018.08.01 08:41:00;openIdDemoc;IDCard;SUCCESSFUL_AUTH;
2018.08.01 08:41:00;openIdDemoc;IDCard;SUCCESSFUL_AUTH;
2018.08.01 08:41:00;openIdDemoc;IDCard;SUCCESSFUL_AUTH;
2018.08.01 08:41:00;openIdDemoc;IDCard;SUCCESSFUL_AUTH;
2018.08.01 08:41:00;openIdDemoc;IDCard;SUCCESSFUL_AUTH;
2018.08.01 08:41:00;openIdDemoc;IDCard;SUCCESSFUL_AUTH;
2018.08.01 08:41:00;openIdDemoc;IDCard;SUCCESSFUL_AUTH;
2018.08.01 08:41:00;openIdDemoc;IDCard;SUCCESSFUL_AUTH;
2018.08.01 08:41:01;openIdDemoc;IDCard;SUCCESSFUL_AUTH;
2018.08.01 08:41:01;openIdDemoc;IDCard;SUCCESSFUL_AUTH;
2018.08.01 08:41:01;openIdDemoc;IDCard;SUCCESSFUL_AUTH;
2018.08.01 08:41:01;openIdDemoc;IDCard;SUCCESSFUL_AUTH;
2018.08.01 08:41:01;openIdDemoc;IDCard;SUCCESSFUL_AUTH;
2018.08.01 08:41:01;openIdDemoc;IDCard;SUCCESSFUL_AUTH;
2018.08.01 08:41:01;openIdDemoc;IDCard;SUCCESSFUL_AUTH;
2018.08.01 08:41:01;openIdDemoc;IDCard;SUCCESSFUL_AUTH;
2018.08.01 08:41:01;openIdDemoc;IDCard;SUCCESSFUL_AUTH;
2018.08.01 08:41:01;openIdDemoc;IDCard;SUCCESSFUL_AUTH;
2018.08.01 08:41:01;openIdDemoc;IDCard;SUCCESSFUL_AUTH;
2018.08.01 08:41:01;openIdDemoc;IDCard;SUCCESSFUL_AUTH;
2018.08.01 08:41:02;openIdDemoc;IDCard;SUCCESSFUL_AUTH;
2018.08.01 08:41:02;openIdDemoc;IDCard;SUCCESSFUL_AUTH;
