2018.07.24 12:23:17;openIdDemoa;MobileID;START_AUTH;
2018.07.24 12:23:17;openIdDemoe;MobileID;START_AUTH;
2018.07.24 12:23:17;openIdDemoj;MobileID;START_AUTH;
2018.07.24 12:23:17;openIdDemoc;MobileID;START_AUTH;
2018.07.24 12:23:17;openIdDemod;MobileID;START_AUTH;
2018.07.24 12:23:17;openIdDemob;MobileID;START_AUTH;
2018.07.24 12:23:18;openIdDemob;MobileID;START_AUTH;
2018.07.24 12:23:18;openIdDemoc;MobileID;START_AUTH;
2018.07.24 12:23:18;openIdDemog;MobileID;START_AUTH;
2018.07.24 12:23:18;openIdDemoa;MobileID;START_AUTH;
2018.07.24 12:23:18;openIdDemoh;MobileID;START_AUTH;
2018.07.24 12:23:18;openIdDemod;MobileID;START_AUTH;
2018.07.24 12:23:18;openIdDemoi;MobileID;START_AUTH;
2018.07.24 12:23:19;openIdDemof;MobileID;START_AUTH;
2018.07.24 12:23:20;openIdDemoe;MobileID;START_AUTH;
2018.07.24 12:23:20;openIdDemof;MobileID;START_AUTH;
2018.07.24 12:23:20;openIdDemoh;MobileID;START_AUTH;
2018.07.24 12:23:20;openIdDemoi;MobileID;START_AUTH;
2018.07.24 12:23:20;openIdDemog;MobileID;START_AUTH;
2018.07.24 12:23:20;openIdDemoj;MobileID;START_AUTH;
2018.07.24 12:23:25;openIdDemoe;MobileID;SUCCESSFUL_AUTH;
2018.07.24 12:23:25;openIdDemob;MobileID;SUCCESSFUL_AUTH;
2018.07.24 12:23:25;openIdDemoc;MobileID;SUCCESSFUL_AUTH;
2018.07.24 12:23:25;openIdDemod;MobileID;SUCCESSFUL_AUTH;
2018.07.24 12:23:25;openIdDemoa;MobileID;SUCCESSFUL_AUTH;
2018.07.24 12:23:25;openIdDemoa;MobileID;SUCCESSFUL_AUTH;
2018.07.24 12:23:25;openIdDemob;MobileID;SUCCESSFUL_AUTH;
2018.07.24 12:23:25;openIdDemoc;MobileID;SUCCESSFUL_AUTH;
2018.07.24 12:23:25;openIdDemog;MobileID;SUCCESSFUL_AUTH;
2018.07.24 12:23:25;openIdDemoj;MobileID;SUCCESSFUL_AUTH;
2018.07.24 12:23:26;openIdDemoi;MobileID;SUCCESSFUL_AUTH;
2018.07.24 12:23:26;openIdDemoh;MobileID;SUCCESSFUL_AUTH;
2018.07.24 12:23:26;openIdDemod;MobileID;SUCCESSFUL_AUTH;
2018.07.24 12:23:27;openIdDemof;MobileID;SUCCESSFUL_AUTH;
2018.07.24 12:23:27;openIdDemoe;MobileID;SUCCESSFUL_AUTH;
2018.07.24 12:23:28;openIdDemof;MobileID;SUCCESSFUL_AUTH;
2018.07.24 12:23:28;openIdDemog;MobileID;SUCCESSFUL_AUTH;
2018.07.24 12:23:28;openIdDemoh;MobileID;SUCCESSFUL_AUTH;
2018.07.24 12:23:28;openIdDemoj;MobileID;SUCCESSFUL_AUTH;
2018.07.24 12:23:28;openIdDemoi;MobileID;SUCCESSFUL_AUTH;
2018.07.24 12:23:42;openIdDemoa;MobileID;SUCCESSFUL_AUTH;
2018.07.24 12:23:43;openIdDemob;MobileID;SUCCESSFUL_AUTH;
2018.07.24 12:23:43;openIdDemoa;MobileID;SUCCESSFUL_AUTH;
2018.07.24 12:23:43;openIdDemoc;MobileID;SUCCESSFUL_AUTH;
2018.07.24 12:23:43;openIdDemod;MobileID;SUCCESSFUL_AUTH;
2018.07.24 12:23:44;openIdDemoe;MobileID;SUCCESSFUL_AUTH;
2018.07.24 12:23:44;openIdDemog;MobileID;SUCCESSFUL_AUTH;
2018.07.24 12:23:44;openIdDemoh;MobileID;SUCCESSFUL_AUTH;
2018.07.24 12:23:44;openIdDemoc;MobileID;SUCCESSFUL_AUTH;
2018.07.24 12:23:44;openIdDemob;MobileID;SUCCESSFUL_AUTH;
2018.07.24 12:23:44;openIdDemoj;MobileID;SUCCESSFUL_AUTH;
2018.07.24 12:23:44;openIdDemog;MobileID;SUCCESSFUL_AUTH;
2018.07.24 12:23:45;openIdDemoe;MobileID;SUCCESSFUL_AUTH;
2018.07.24 12:23:45;openIdDemoi;MobileID;SUCCESSFUL_AUTH;
2018.07.24 12:23:45;openIdDemod;MobileID;SUCCESSFUL_AUTH;
2018.07.24 12:23:45;openIdDemoj;MobileID;SUCCESSFUL_AUTH;
2018.07.24 12:23:45;openIdDemoi;MobileID;SUCCESSFUL_AUTH;
2018.07.24 12:23:45;openIdDemof;MobileID;SUCCESSFUL_AUTH;
2018.07.24 12:23:46;openIdDemoh;MobileID;SUCCESSFUL_AUTH;
2018.07.24 12:23:47;openIdDemof;MobileID;SUCCESSFUL_AUTH;
2018.07.24 12:26:00;openIdDemoa;MobileID;START_AUTH;
2018.07.24 12:26:00;openIdDemob;MobileID;START_AUTH;
2018.07.24 12:26:00;openIdDemoc;MobileID;START_AUTH;
2018.07.24 12:26:00;openIdDemod;MobileID;START_AUTH;
2018.07.24 12:26:00;openIdDemoe;MobileID;START_AUTH;
2018.07.24 12:26:00;openIdDemog;MobileID;START_AUTH;
2018.07.24 12:26:00;openIdDemof;MobileID;START_AUTH;
2018.07.24 12:26:00;openIdDemoh;MobileID;START_AUTH;
2018.07.24 12:26:00;openIdDemoi;MobileID;START_AUTH;
2018.07.24 12:26:01;openIdDemoj;MobileID;START_AUTH;
2018.07.24 12:26:01;openIdDemoa;MobileID;START_AUTH;
2018.07.24 12:26:02;openIdDemob;MobileID;START_AUTH;
2018.07.24 12:26:02;openIdDemoc;MobileID;START_AUTH;
2018.07.24 12:26:03;openIdDemod;MobileID;START_AUTH;
2018.07.24 12:26:03;openIdDemog;MobileID;START_AUTH;
2018.07.24 12:26:03;openIdDemoe;MobileID;START_AUTH;
2018.07.24 12:26:04;openIdDemoi;MobileID;START_AUTH;
2018.07.24 12:26:04;openIdDemof;MobileID;START_AUTH;
2018.07.24 12:26:04;openIdDemoh;MobileID;START_AUTH;
2018.07.24 12:26:04;openIdDemoj;MobileID;START_AUTH;
2018.07.24 12:26:07;openIdDemob;MobileID;SUCCESSFUL_AUTH;
2018.07.24 12:26:07;openIdDemoa;MobileID;SUCCESSFUL_AUTH;
2018.07.24 12:26:07;openIdDemoc;MobileID;SUCCESSFUL_AUTH;
2018.07.24 12:26:07;openIdDemod;MobileID;SUCCESSFUL_AUTH;
2018.07.24 12:26:07;openIdDemoe;MobileID;SUCCESSFUL_AUTH;
2018.07.24 12:26:08;openIdDemog;MobileID;SUCCESSFUL_AUTH;
2018.07.24 12:26:08;openIdDemoh;MobileID;SUCCESSFUL_AUTH;
2018.07.24 12:26:08;openIdDemof;MobileID;SUCCESSFUL_AUTH;
2018.07.24 12:26:08;openIdDemoi;MobileID;SUCCESSFUL_AUTH;
2018.07.24 12:26:08;openIdDemoj;MobileID;SUCCESSFUL_AUTH;
2018.07.24 12:26:08;openIdDemoa;MobileID;SUCCESSFUL_AUTH;
2018.07.24 12:26:09;openIdDemoc;MobileID;SUCCESSFUL_AUTH;
2018.07.24 12:26:09;openIdDemob;MobileID;SUCCESSFUL_AUTH;
2018.07.24 12:26:11;openIdDemod;MobileID;SUCCESSFUL_AUTH;
2018.07.24 12:26:11;openIdDemog;MobileID;SUCCESSFUL_AUTH;
2018.07.24 12:26:11;openIdDemoe;MobileID;SUCCESSFUL_AUTH;
2018.07.24 12:26:11;openIdDemoi;MobileID;SUCCESSFUL_AUTH;
2018.07.24 12:26:11;openIdDemof;MobileID;SUCCESSFUL_AUTH;
2018.07.24 12:26:11;openIdDemoj;MobileID;SUCCESSFUL_AUTH;
2018.07.24 12:26:11;openIdDemoh;MobileID;SUCCESSFUL_AUTH;
2018.07.24 12:26:23;openIdDemoa;MobileID;SUCCESSFUL_AUTH;
2018.07.24 12:26:23;openIdDemob;MobileID;SUCCESSFUL_AUTH;
2018.07.24 12:26:23;openIdDemoe;MobileID;SUCCESSFUL_AUTH;
2018.07.24 12:26:23;openIdDemoc;MobileID;SUCCESSFUL_AUTH;
2018.07.24 12:26:23;openIdDemog;MobileID;SUCCESSFUL_AUTH;
2018.07.24 12:26:24;openIdDemoh;MobileID;SUCCESSFUL_AUTH;
2018.07.24 12:26:24;openIdDemoa;MobileID;SUCCESSFUL_AUTH;
2018.07.24 12:26:24;openIdDemof;MobileID;SUCCESSFUL_AUTH;
2018.07.24 12:26:24;openIdDemod;MobileID;SUCCESSFUL_AUTH;
2018.07.24 12:26:24;openIdDemoi;MobileID;SUCCESSFUL_AUTH;
2018.07.24 12:26:25;openIdDemoj;MobileID;SUCCESSFUL_AUTH;
2018.07.24 12:26:25;openIdDemoc;MobileID;SUCCESSFUL_AUTH;
2018.07.24 12:26:26;openIdDemob;MobileID;SUCCESSFUL_AUTH;
2018.07.24 12:26:27;openIdDemog;MobileID;SUCCESSFUL_AUTH;
2018.07.24 12:26:27;openIdDemod;MobileID;SUCCESSFUL_AUTH;
2018.07.24 12:26:27;openIdDemoe;MobileID;SUCCESSFUL_AUTH;
2018.07.24 12:26:27;openIdDemoi;MobileID;SUCCESSFUL_AUTH;
2018.07.24 12:26:28;openIdDemoh;MobileID;SUCCESSFUL_AUTH;
2018.07.24 12:26:28;openIdDemoj;MobileID;SUCCESSFUL_AUTH;
2018.07.24 12:26:29;openIdDemof;MobileID;SUCCESSFUL_AUTH;
2018.07.24 12:56:32;openIdDemoh;MobileID;START_AUTH;
2018.07.24 12:56:32;openIdDemof;MobileID;START_AUTH;
2018.07.24 12:56:32;openIdDemoc;MobileID;START_AUTH;
2018.07.24 12:56:32;openIdDemob;MobileID;START_AUTH;
2018.07.24 12:56:33;openIdDemod;MobileID;START_AUTH;
2018.07.24 12:56:33;openIdDemoe;MobileID;START_AUTH;
2018.07.24 12:56:33;openIdDemog;MobileID;START_AUTH;
2018.07.24 12:56:33;openIdDemoj;MobileID;START_AUTH;
2018.07.24 12:56:33;openIdDemoi;MobileID;START_AUTH;
2018.07.24 12:56:34;openIdDemob;MobileID;START_AUTH;
2018.07.24 12:56:34;openIdDemoc;MobileID;START_AUTH;
2018.07.24 12:56:34;openIdDemoa;MobileID;START_AUTH;
2018.07.24 12:56:35;openIdDemof;MobileID;START_AUTH;
2018.07.24 12:56:35;openIdDemog;MobileID;START_AUTH;
2018.07.24 12:56:35;openIdDemoh;MobileID;START_AUTH;
2018.07.24 12:56:35;openIdDemoe;MobileID;START_AUTH;
2018.07.24 12:56:35;openIdDemoi;MobileID;START_AUTH;
2018.07.24 12:56:36;openIdDemoa;MobileID;START_AUTH;
2018.07.24 12:56:36;openIdDemoj;MobileID;START_AUTH;
2018.07.24 12:56:40;openIdDemof;MobileID;SUCCESSFUL_AUTH;
2018.07.24 12:56:40;openIdDemod;MobileID;SUCCESSFUL_AUTH;
2018.07.24 12:56:40;openIdDemoc;MobileID;SUCCESSFUL_AUTH;
2018.07.24 12:56:40;openIdDemoh;MobileID;SUCCESSFUL_AUTH;
2018.07.24 12:56:40;openIdDemoe;MobileID;SUCCESSFUL_AUTH;
2018.07.24 12:56:40;openIdDemob;MobileID;SUCCESSFUL_AUTH;
2018.07.24 12:56:40;openIdDemog;MobileID;SUCCESSFUL_AUTH;
2018.07.24 12:56:40;openIdDemoi;MobileID;SUCCESSFUL_AUTH;
2018.07.24 12:56:41;openIdDemoj;MobileID;SUCCESSFUL_AUTH;
2018.07.24 12:56:42;openIdDemoc;MobileID;SUCCESSFUL_AUTH;
2018.07.24 12:56:42;openIdDemob;MobileID;SUCCESSFUL_AUTH;
2018.07.24 12:56:42;openIdDemof;MobileID;SUCCESSFUL_AUTH;
2018.07.24 12:56:43;openIdDemog;MobileID;SUCCESSFUL_AUTH;
2018.07.24 12:56:43;openIdDemoh;MobileID;SUCCESSFUL_AUTH;
2018.07.24 12:56:43;openIdDemoe;MobileID;SUCCESSFUL_AUTH;
2018.07.24 12:56:43;openIdDemoi;MobileID;SUCCESSFUL_AUTH;
2018.07.24 12:56:43;openIdDemoa;MobileID;SUCCESSFUL_AUTH;
2018.07.24 12:56:44;openIdDemoa;MobileID;SUCCESSFUL_AUTH;
2018.07.24 12:56:44;openIdDemoj;MobileID;SUCCESSFUL_AUTH;
2018.07.24 12:56:57;openIdDemoh;MobileID;SUCCESSFUL_AUTH;
2018.07.24 12:56:57;openIdDemoe;MobileID;SUCCESSFUL_AUTH;
2018.07.24 12:56:57;openIdDemod;MobileID;SUCCESSFUL_AUTH;
2018.07.24 12:56:57;openIdDemob;MobileID;SUCCESSFUL_AUTH;
2018.07.24 12:56:57;openIdDemof;MobileID;SUCCESSFUL_AUTH;
2018.07.24 12:56:57;openIdDemoj;MobileID;SUCCESSFUL_AUTH;
2018.07.24 12:56:57;openIdDemoi;MobileID;SUCCESSFUL_AUTH;
2018.07.24 12:56:57;openIdDemog;MobileID;SUCCESSFUL_AUTH;
2018.07.24 12:56:57;openIdDemoc;MobileID;SUCCESSFUL_AUTH;
2018.07.24 12:56:58;openIdDemoc;MobileID;SUCCESSFUL_AUTH;
2018.07.24 12:56:58;openIdDemob;MobileID;SUCCESSFUL_AUTH;
2018.07.24 12:57:00;openIdDemof;MobileID;SUCCESSFUL_AUTH;
2018.07.24 12:57:00;openIdDemoh;MobileID;SUCCESSFUL_AUTH;
2018.07.24 12:57:00;openIdDemoi;MobileID;SUCCESSFUL_AUTH;
2018.07.24 12:57:00;openIdDemoe;MobileID;SUCCESSFUL_AUTH;
2018.07.24 12:57:00;openIdDemoa;MobileID;SUCCESSFUL_AUTH;
2018.07.24 12:57:00;openIdDemog;MobileID;SUCCESSFUL_AUTH;
2018.07.24 12:57:01;openIdDemoa;MobileID;SUCCESSFUL_AUTH;
2018.07.24 12:57:01;openIdDemoj;MobileID;SUCCESSFUL_AUTH;
