2018.07.30 08:02:34;openIdDemoc;BankLink;START_AUTH;
2018.07.30 08:02:35;openIdDemoc;BankLink;START_AUTH;
2018.07.30 08:02:35;openIdDemoc;BankLink;START_AUTH;
2018.07.30 08:02:35;openIdDemoc;BankLink;SUCCESSFUL_AUTH;
2018.07.30 08:02:36;openIdDemoc;BankLink;START_AUTH;
2018.07.30 08:02:36;openIdDemoc;BankLink;SUCCESSFUL_AUTH;
2018.07.30 08:02:36;openIdDemoc;BankLink;SUCCESSFUL_AUTH;
2018.07.30 08:02:36;openIdDemoc;BankLink;SUCCESSFUL_AUTH;
2018.07.30 08:02:36;openIdDemoc;BankLink;START_AUTH;
2018.07.30 08:02:37;openIdDemoc;BankLink;START_AUTH;
2018.07.30 08:02:37;openIdDemoc;BankLink;SUCCESSFUL_AUTH;
2018.07.30 08:02:37;openIdDemoc;BankLink;START_AUTH;
2018.07.30 08:02:37;openIdDemoc;BankLink;SUCCESSFUL_AUTH;
2018.07.30 08:02:37;openIdDemoc;BankLink;SUCCESSFUL_AUTH;
2018.07.30 08:02:39;openIdDemoc;MobileID;START_AUTH;
2018.07.30 08:02:39;openIdDemoc;MobileID;START_AUTH;
2018.07.30 08:02:39;openIdDemoc;MobileID;START_AUTH;
2018.07.30 08:02:39;openIdDemoc;MobileID;START_AUTH;
2018.07.30 08:02:39;openIdDemoc;MobileID;START_AUTH;
2018.07.30 08:02:40;openIdDemoc;MobileID;START_AUTH;
2018.07.30 08:02:40;openIdDemoc;MobileID;START_AUTH;
2018.07.30 08:02:46;openIdDemoc;MobileID;SUCCESSFUL_AUTH;
2018.07.30 08:02:46;openIdDemoc;MobileID;SUCCESSFUL_AUTH;
2018.07.30 08:02:47;openIdDemoc;MobileID;SUCCESSFUL_AUTH;
2018.07.30 08:02:47;openIdDemoc;MobileID;SUCCESSFUL_AUTH;
2018.07.30 08:02:47;openIdDemoc;MobileID;SUCCESSFUL_AUTH;
2018.07.30 08:02:47;openIdDemoc;MobileID;SUCCESSFUL_AUTH;
2018.07.30 08:02:47;openIdDemoc;MobileID;SUCCESSFUL_AUTH;
2018.07.30 08:03:02;openIdDemoc;MobileID;SUCCESSFUL_AUTH;
2018.07.30 08:03:02;openIdDemoc;MobileID;SUCCESSFUL_AUTH;
2018.07.30 08:03:03;openIdDemoc;MobileID;SUCCESSFUL_AUTH;
2018.07.30 08:03:03;openIdDemoc;MobileID;SUCCESSFUL_AUTH;
2018.07.30 08:03:03;openIdDemoc;MobileID;SUCCESSFUL_AUTH;
2018.07.30 08:03:03;openIdDemoc;MobileID;SUCCESSFUL_AUTH;
2018.07.30 08:03:03;openIdDemoc;MobileID;SUCCESSFUL_AUTH;
2018.07.30 08:03:03;openIdDemoc;IDCard;START_AUTH;
2018.07.30 08:03:04;openIdDemoc;IDCard;START_AUTH;
2018.07.30 08:03:05;openIdDemoc;IDCard;START_AUTH;
2018.07.30 08:03:06;openIdDemoc;IDCard;START_AUTH;
2018.07.30 08:03:06;openIdDemoc;IDCard;START_AUTH;
2018.07.30 08:03:06;openIdDemoc;IDCard;START_AUTH;
2018.07.30 08:03:06;openIdDemoc;IDCard;START_AUTH;
2018.07.30 08:03:10;openIdDemoc;IDCard;SUCCESSFUL_AUTH;
2018.07.30 08:03:11;openIdDemoc;IDCard;SUCCESSFUL_AUTH;
2018.07.30 08:03:12;openIdDemoc;IDCard;SUCCESSFUL_AUTH;
2018.07.30 08:03:13;openIdDemoc;IDCard;SUCCESSFUL_AUTH;
2018.07.30 08:03:13;openIdDemoc;IDCard;SUCCESSFUL_AUTH;
2018.07.30 08:03:13;openIdDemoc;IDCard;SUCCESSFUL_AUTH;
2018.07.30 08:03:13;openIdDemoc;IDCard;SUCCESSFUL_AUTH;
2018.07.30 08:04:59;openIdDemoc;IDCard;START_AUTH;
2018.07.30 08:04:59;openIdDemoc;IDCard;START_AUTH;
2018.07.30 08:05:00;openIdDemoc;IDCard;START_AUTH;
2018.07.30 08:05:00;openIdDemoc;IDCard;START_AUTH;
2018.07.30 08:05:00;openIdDemoc;IDCard;START_AUTH;
2018.07.30 08:05:01;openIdDemoc;IDCard;START_AUTH;
2018.07.30 08:05:02;openIdDemoc;IDCard;START_AUTH;
2018.07.30 08:05:06;openIdDemoc;IDCard;SUCCESSFUL_AUTH;
2018.07.30 08:05:06;openIdDemoc;IDCard;SUCCESSFUL_AUTH;
2018.07.30 08:05:07;openIdDemoc;IDCard;SUCCESSFUL_AUTH;
2018.07.30 08:05:07;openIdDemoc;IDCard;SUCCESSFUL_AUTH;
2018.07.30 08:05:07;openIdDemoc;IDCard;SUCCESSFUL_AUTH;
2018.07.30 08:05:08;openIdDemoc;IDCard;SUCCESSFUL_AUTH;
2018.07.30 08:05:09;openIdDemoc;IDCard;SUCCESSFUL_AUTH;
2018.07.30 08:05:28;openIdDemoc;MobileID;START_AUTH;
2018.07.30 08:05:28;openIdDemoc;MobileID;START_AUTH;
2018.07.30 08:05:28;openIdDemoc;MobileID;START_AUTH;
2018.07.30 08:05:28;openIdDemoc;MobileID;START_AUTH;
2018.07.30 08:05:28;openIdDemoc;MobileID;START_AUTH;
2018.07.30 08:05:28;openIdDemoc;MobileID;START_AUTH;
2018.07.30 08:05:29;openIdDemoc;MobileID;START_AUTH;
2018.07.30 08:05:35;openIdDemoc;MobileID;SUCCESSFUL_AUTH;
2018.07.30 08:05:35;openIdDemoc;MobileID;SUCCESSFUL_AUTH;
2018.07.30 08:05:35;openIdDemoc;MobileID;SUCCESSFUL_AUTH;
2018.07.30 08:05:35;openIdDemoc;MobileID;SUCCESSFUL_AUTH;
2018.07.30 08:05:36;openIdDemoc;MobileID;SUCCESSFUL_AUTH;
2018.07.30 08:05:36;openIdDemoc;MobileID;SUCCESSFUL_AUTH;
2018.07.30 08:05:36;openIdDemoc;MobileID;SUCCESSFUL_AUTH;
2018.07.30 08:05:50;openIdDemoc;MobileID;SUCCESSFUL_AUTH;
2018.07.30 08:05:50;openIdDemoc;MobileID;SUCCESSFUL_AUTH;
2018.07.30 08:05:51;openIdDemoc;MobileID;SUCCESSFUL_AUTH;
2018.07.30 08:05:51;openIdDemoc;MobileID;SUCCESSFUL_AUTH;
2018.07.30 08:05:51;openIdDemoc;MobileID;SUCCESSFUL_AUTH;
2018.07.30 08:05:51;openIdDemoc;IDCard;START_AUTH;
2018.07.30 08:05:51;openIdDemoc;IDCard;START_AUTH;
2018.07.30 08:05:51;openIdDemoc;MobileID;SUCCESSFUL_AUTH;
2018.07.30 08:05:51;openIdDemoc;IDCard;START_AUTH;
2018.07.30 08:05:52;openIdDemoc;MobileID;SUCCESSFUL_AUTH;
2018.07.30 08:05:53;openIdDemoc;IDCard;START_AUTH;
2018.07.30 08:05:53;openIdDemoc;IDCard;START_AUTH;
2018.07.30 08:05:54;openIdDemoc;IDCard;START_AUTH;
2018.07.30 08:05:54;openIdDemoc;IDCard;START_AUTH;
2018.07.30 08:05:58;openIdDemoc;IDCard;SUCCESSFUL_AUTH;
2018.07.30 08:05:58;openIdDemoc;IDCard;SUCCESSFUL_AUTH;
2018.07.30 08:05:58;openIdDemoc;IDCard;SUCCESSFUL_AUTH;
2018.07.30 08:06:00;openIdDemoc;IDCard;SUCCESSFUL_AUTH;
2018.07.30 08:06:00;openIdDemoc;IDCard;SUCCESSFUL_AUTH;
2018.07.30 08:06:01;openIdDemoc;IDCard;SUCCESSFUL_AUTH;
2018.07.30 08:06:01;openIdDemoc;IDCard;SUCCESSFUL_AUTH;
2018.07.30 08:12:03;openIdDemoc;MobileID;START_AUTH;
2018.07.30 08:12:03;openIdDemoc;MobileID;START_AUTH;
2018.07.30 08:12:04;openIdDemoc;MobileID;START_AUTH;
2018.07.30 08:12:04;openIdDemoc;MobileID;START_AUTH;
2018.07.30 08:12:04;openIdDemoc;MobileID;START_AUTH;
2018.07.30 08:12:05;openIdDemoc;MobileID;START_AUTH;
2018.07.30 08:12:05;openIdDemoc;MobileID;START_AUTH;
2018.07.30 08:12:11;openIdDemoc;MobileID;SUCCESSFUL_AUTH;
2018.07.30 08:12:11;openIdDemoc;MobileID;SUCCESSFUL_AUTH;
2018.07.30 08:12:11;openIdDemoc;MobileID;SUCCESSFUL_AUTH;
2018.07.30 08:12:12;openIdDemoc;MobileID;SUCCESSFUL_AUTH;
2018.07.30 08:12:12;openIdDemoc;MobileID;SUCCESSFUL_AUTH;
2018.07.30 08:12:12;openIdDemoc;MobileID;SUCCESSFUL_AUTH;
2018.07.30 08:12:13;openIdDemoc;MobileID;SUCCESSFUL_AUTH;
2018.07.30 08:12:27;openIdDemoc;MobileID;SUCCESSFUL_AUTH;
2018.07.30 08:12:27;openIdDemoc;MobileID;SUCCESSFUL_AUTH;
2018.07.30 08:12:27;openIdDemoc;MobileID;SUCCESSFUL_AUTH;
2018.07.30 08:12:27;openIdDemoc;MobileID;SUCCESSFUL_AUTH;
2018.07.30 08:12:28;openIdDemoc;MobileID;SUCCESSFUL_AUTH;
2018.07.30 08:12:28;openIdDemoc;MobileID;SUCCESSFUL_AUTH;
2018.07.30 08:12:29;openIdDemoc;MobileID;SUCCESSFUL_AUTH;
2018.07.30 08:12:30;openIdDemoc;IDCard;START_AUTH;
2018.07.30 08:12:30;openIdDemoc;IDCard;START_AUTH;
2018.07.30 08:12:30;openIdDemoc;IDCard;START_AUTH;
2018.07.30 08:12:31;openIdDemoc;IDCard;START_AUTH;
2018.07.30 08:12:31;openIdDemoc;IDCard;START_AUTH;
2018.07.30 08:12:32;openIdDemoc;IDCard;START_AUTH;
2018.07.30 08:12:32;openIdDemoc;IDCard;START_AUTH;
2018.07.30 08:12:37;openIdDemoc;IDCard;SUCCESSFUL_AUTH;
2018.07.30 08:12:37;openIdDemoc;IDCard;SUCCESSFUL_AUTH;
2018.07.30 08:12:37;openIdDemoc;IDCard;SUCCESSFUL_AUTH;
2018.07.30 08:12:38;openIdDemoc;IDCard;SUCCESSFUL_AUTH;
2018.07.30 08:12:38;openIdDemoc;IDCard;SUCCESSFUL_AUTH;
2018.07.30 08:12:39;openIdDemoc;IDCard;SUCCESSFUL_AUTH;
2018.07.30 08:12:39;openIdDemoc;IDCard;SUCCESSFUL_AUTH;
2018.07.30 08:16:19;openIdDemoc;MobileID;START_AUTH;
2018.07.30 08:16:19;openIdDemoc;MobileID;START_AUTH;
2018.07.30 08:16:19;openIdDemoc;MobileID;START_AUTH;
2018.07.30 08:16:19;openIdDemoc;MobileID;START_AUTH;
2018.07.30 08:16:19;openIdDemoc;MobileID;START_AUTH;
2018.07.30 08:16:19;openIdDemoc;MobileID;START_AUTH;
2018.07.30 08:16:20;openIdDemoc;MobileID;START_AUTH;
2018.07.30 08:16:27;openIdDemoc;MobileID;SUCCESSFUL_AUTH;
2018.07.30 08:16:27;openIdDemoc;MobileID;SUCCESSFUL_AUTH;
2018.07.30 08:16:27;openIdDemoc;MobileID;SUCCESSFUL_AUTH;
2018.07.30 08:16:27;openIdDemoc;MobileID;SUCCESSFUL_AUTH;
2018.07.30 08:16:27;openIdDemoc;MobileID;SUCCESSFUL_AUTH;
2018.07.30 08:16:27;openIdDemoc;MobileID;SUCCESSFUL_AUTH;
2018.07.30 08:16:27;openIdDemoc;MobileID;SUCCESSFUL_AUTH;
2018.07.30 08:16:43;openIdDemoc;MobileID;SUCCESSFUL_AUTH;
2018.07.30 08:16:43;openIdDemoc;MobileID;SUCCESSFUL_AUTH;
2018.07.30 08:16:43;openIdDemoc;MobileID;SUCCESSFUL_AUTH;
2018.07.30 08:16:43;openIdDemoc;MobileID;SUCCESSFUL_AUTH;
2018.07.30 08:16:44;openIdDemoc;MobileID;SUCCESSFUL_AUTH;
2018.07.30 08:16:44;openIdDemoc;MobileID;SUCCESSFUL_AUTH;
2018.07.30 08:16:44;openIdDemoc;MobileID;SUCCESSFUL_AUTH;
2018.07.30 08:16:45;openIdDemoc;IDCard;START_AUTH;
2018.07.30 08:16:46;openIdDemoc;IDCard;START_AUTH;
2018.07.30 08:16:47;openIdDemoc;IDCard;START_AUTH;
2018.07.30 08:16:47;openIdDemoc;IDCard;START_AUTH;
2018.07.30 08:16:47;openIdDemoc;IDCard;START_AUTH;
2018.07.30 08:16:47;openIdDemoc;IDCard;START_AUTH;
2018.07.30 08:16:47;openIdDemoc;IDCard;START_AUTH;
2018.07.30 08:16:52;openIdDemoc;IDCard;SUCCESSFUL_AUTH;
2018.07.30 08:16:53;openIdDemoc;IDCard;SUCCESSFUL_AUTH;
2018.07.30 08:16:54;openIdDemoc;IDCard;SUCCESSFUL_AUTH;
2018.07.30 08:16:54;openIdDemoc;IDCard;SUCCESSFUL_AUTH;
2018.07.30 08:16:54;openIdDemoc;IDCard;SUCCESSFUL_AUTH;
2018.07.30 08:16:54;openIdDemoc;IDCard;SUCCESSFUL_AUTH;
2018.07.30 08:16:54;openIdDemoc;IDCard;SUCCESSFUL_AUTH;
2018.07.30 08:19:06;openIdDemoc;BankLink;START_AUTH;
2018.07.30 08:19:06;openIdDemoc;BankLink;SUCCESSFUL_AUTH;
2018.07.30 08:19:06;openIdDemoc;BankLink;START_AUTH;
2018.07.30 08:19:06;openIdDemoc;BankLink;START_AUTH;
2018.07.30 08:19:06;openIdDemoc;BankLink;SUCCESSFUL_AUTH;
2018.07.30 08:19:07;openIdDemoc;BankLink;START_AUTH;
2018.07.30 08:19:07;openIdDemoc;BankLink;SUCCESSFUL_AUTH;
2018.07.30 08:19:07;openIdDemoc;BankLink;START_AUTH;
2018.07.30 08:19:07;openIdDemoc;BankLink;START_AUTH;
2018.07.30 08:19:07;openIdDemoc;BankLink;SUCCESSFUL_AUTH;
2018.07.30 08:19:07;openIdDemoc;BankLink;SUCCESSFUL_AUTH;
2018.07.30 08:19:07;openIdDemoc;BankLink;START_AUTH;
2018.07.30 08:19:07;openIdDemoc;BankLink;SUCCESSFUL_AUTH;
2018.07.30 08:19:07;openIdDemoc;BankLink;SUCCESSFUL_AUTH;
2018.07.30 08:19:10;openIdDemoc;MobileID;START_AUTH;
2018.07.30 08:19:11;openIdDemoc;MobileID;START_AUTH;
2018.07.30 08:19:11;openIdDemoc;MobileID;START_AUTH;
2018.07.30 08:19:11;openIdDemoc;MobileID;START_AUTH;
2018.07.30 08:19:11;openIdDemoc;MobileID;START_AUTH;
2018.07.30 08:19:11;openIdDemoc;MobileID;START_AUTH;
2018.07.30 08:19:11;openIdDemoc;MobileID;START_AUTH;
2018.07.30 08:19:18;openIdDemoc;MobileID;SUCCESSFUL_AUTH;
2018.07.30 08:19:18;openIdDemoc;MobileID;SUCCESSFUL_AUTH;
2018.07.30 08:19:18;openIdDemoc;MobileID;SUCCESSFUL_AUTH;
2018.07.30 08:19:18;openIdDemoc;MobileID;SUCCESSFUL_AUTH;
2018.07.30 08:19:19;openIdDemoc;MobileID;SUCCESSFUL_AUTH;
2018.07.30 08:19:19;openIdDemoc;MobileID;SUCCESSFUL_AUTH;
2018.07.30 08:19:19;openIdDemoc;MobileID;SUCCESSFUL_AUTH;
2018.07.30 08:19:33;openIdDemoc;MobileID;SUCCESSFUL_AUTH;
2018.07.30 08:19:34;openIdDemoc;MobileID;SUCCESSFUL_AUTH;
2018.07.30 08:19:34;openIdDemoc;MobileID;SUCCESSFUL_AUTH;
2018.07.30 08:19:35;openIdDemoc;MobileID;SUCCESSFUL_AUTH;
2018.07.30 08:19:35;openIdDemoc;MobileID;SUCCESSFUL_AUTH;
2018.07.30 08:19:35;openIdDemoc;MobileID;SUCCESSFUL_AUTH;
2018.07.30 08:19:35;openIdDemoc;MobileID;SUCCESSFUL_AUTH;
2018.07.30 08:19:35;openIdDemoc;IDCard;START_AUTH;
2018.07.30 08:19:37;openIdDemoc;IDCard;START_AUTH;
2018.07.30 08:19:37;openIdDemoc;IDCard;START_AUTH;
2018.07.30 08:19:38;openIdDemoc;IDCard;START_AUTH;
2018.07.30 08:19:38;openIdDemoc;IDCard;START_AUTH;
2018.07.30 08:19:38;openIdDemoc;IDCard;START_AUTH;
2018.07.30 08:19:38;openIdDemoc;IDCard;START_AUTH;
2018.07.30 08:19:42;openIdDemoc;IDCard;SUCCESSFUL_AUTH;
2018.07.30 08:19:44;openIdDemoc;IDCard;SUCCESSFUL_AUTH;
2018.07.30 08:19:44;openIdDemoc;IDCard;SUCCESSFUL_AUTH;
2018.07.30 08:19:45;openIdDemoc;IDCard;SUCCESSFUL_AUTH;
2018.07.30 08:19:45;openIdDemoc;IDCard;SUCCESSFUL_AUTH;
2018.07.30 08:19:45;openIdDemoc;IDCard;SUCCESSFUL_AUTH;
2018.07.30 08:19:45;openIdDemoc;IDCard;SUCCESSFUL_AUTH;
