2018.08.01 09:09:12;openIdDemoc;MobileID;START_AUTH;
2018.08.01 09:09:26;openIdDemoc;MobileID;SUCCESSFUL_AUTH;
2018.08.01 09:10:12;openIdDemoc;MobileID;START_AUTH;
2018.08.01 09:10:25;openIdDemoc;MobileID;SUCCESSFUL_AUTH;
2018.08.01 09:34:29;openIdDemoj;BankLink;START_AUTH;
2018.08.01 09:34:29;openIdDemog;BankLink;START_AUTH;
2018.08.01 09:34:30;openIdDemoa;BankLink;START_AUTH;
2018.08.01 09:34:30;openIdDemod;BankLink;START_AUTH;
2018.08.01 09:34:30;openIdDemoh;BankLink;START_AUTH;
2018.08.01 09:34:30;openIdDemob;BankLink;START_AUTH;
2018.08.01 09:34:30;openIdDemoe;BankLink;START_AUTH;
2018.08.01 09:34:30;openIdDemog;BankLink;SUCCESSFUL_AUTH;
2018.08.01 09:34:30;openIdDemoa;BankLink;SUCCESSFUL_AUTH;
2018.08.01 09:34:30;openIdDemoj;BankLink;SUCCESSFUL_AUTH;
2018.08.01 09:34:30;openIdDemob;BankLink;SUCCESSFUL_AUTH;
2018.08.01 09:34:30;openIdDemoe;BankLink;SUCCESSFUL_AUTH;
2018.08.01 09:34:30;openIdDemoh;BankLink;SUCCESSFUL_AUTH;
2018.08.01 09:34:30;openIdDemod;BankLink;SUCCESSFUL_AUTH;
2018.08.01 09:34:34;openIdDemod;MobileID;START_AUTH;
2018.08.01 09:34:34;openIdDemoa;MobileID;START_AUTH;
2018.08.01 09:34:34;openIdDemoe;MobileID;START_AUTH;
2018.08.01 09:34:34;openIdDemog;MobileID;START_AUTH;
2018.08.01 09:34:34;openIdDemob;MobileID;START_AUTH;
2018.08.01 09:34:34;openIdDemoh;MobileID;START_AUTH;
2018.08.01 09:34:34;openIdDemoj;MobileID;START_AUTH;
2018.08.01 09:34:42;openIdDemoa;MobileID;SUCCESSFUL_AUTH;
2018.08.01 09:34:42;openIdDemod;MobileID;SUCCESSFUL_AUTH;
2018.08.01 09:34:42;openIdDemoe;MobileID;SUCCESSFUL_AUTH;
2018.08.01 09:34:42;openIdDemob;MobileID;SUCCESSFUL_AUTH;
2018.08.01 09:34:42;openIdDemoj;MobileID;SUCCESSFUL_AUTH;
2018.08.01 09:34:42;openIdDemoh;MobileID;SUCCESSFUL_AUTH;
2018.08.01 09:34:42;openIdDemog;MobileID;SUCCESSFUL_AUTH;
2018.08.01 09:34:58;openIdDemoa;MobileID;SUCCESSFUL_AUTH;
2018.08.01 09:34:58;openIdDemoe;MobileID;SUCCESSFUL_AUTH;
2018.08.01 09:34:59;openIdDemoj;MobileID;SUCCESSFUL_AUTH;
2018.08.01 09:34:59;openIdDemog;MobileID;SUCCESSFUL_AUTH;
2018.08.01 09:34:59;openIdDemoh;MobileID;SUCCESSFUL_AUTH;
2018.08.01 09:34:59;openIdDemod;MobileID;SUCCESSFUL_AUTH;
2018.08.01 09:34:59;openIdDemob;MobileID;SUCCESSFUL_AUTH;
2018.08.01 09:35:01;openIdDemoe;IDCard;START_AUTH;
2018.08.01 09:35:01;openIdDemoa;IDCard;START_AUTH;
2018.08.01 09:35:02;openIdDemoj;IDCard;START_AUTH;
2018.08.01 09:35:02;openIdDemoh;IDCard;START_AUTH;
2018.08.01 09:35:02;openIdDemob;IDCard;START_AUTH;
2018.08.01 09:35:03;openIdDemod;IDCard;START_AUTH;
2018.08.01 09:35:03;openIdDemog;IDCard;START_AUTH;
2018.08.01 09:35:08;openIdDemoe;IDCard;SUCCESSFUL_AUTH;
2018.08.01 09:35:08;openIdDemoa;IDCard;SUCCESSFUL_AUTH;
2018.08.01 09:35:09;openIdDemoj;IDCard;SUCCESSFUL_AUTH;
2018.08.01 09:35:09;openIdDemoh;IDCard;SUCCESSFUL_AUTH;
2018.08.01 09:35:09;openIdDemob;IDCard;SUCCESSFUL_AUTH;
2018.08.01 09:35:10;openIdDemod;IDCard;SUCCESSFUL_AUTH;
2018.08.01 09:35:10;openIdDemog;IDCard;SUCCESSFUL_AUTH;
