2018.07.25 10:24:34;openIdDemoa;MobileID;START_AUTH;
2018.07.25 10:24:34;openIdDemob;MobileID;START_AUTH;
2018.07.25 10:24:34;openIdDemoc;MobileID;START_AUTH;
2018.07.25 10:24:35;openIdDemod;MobileID;START_AUTH;
2018.07.25 10:24:35;openIdDemoe;MobileID;START_AUTH;
2018.07.25 10:24:36;openIdDemof;MobileID;START_AUTH;
2018.07.25 10:24:36;openIdDemog;MobileID;START_AUTH;
2018.07.25 10:24:37;openIdDemoh;MobileID;START_AUTH;
2018.07.25 10:24:37;openIdDemoi;MobileID;START_AUTH;
2018.07.25 10:24:38;openIdDemoj;MobileID;START_AUTH;
2018.07.25 10:24:38;openIdDemoa;MobileID;START_AUTH;
2018.07.25 10:24:39;openIdDemob;MobileID;START_AUTH;
2018.07.25 10:24:39;openIdDemoc;MobileID;START_AUTH;
2018.07.25 10:24:40;openIdDemod;MobileID;START_AUTH;
2018.07.25 10:24:40;openIdDemoe;MobileID;START_AUTH;
2018.07.25 10:24:41;openIdDemof;MobileID;START_AUTH;
2018.07.25 10:24:41;openIdDemob;MobileID;SUCCESSFUL_AUTH;
2018.07.25 10:24:41;openIdDemoa;MobileID;SUCCESSFUL_AUTH;
2018.07.25 10:24:41;openIdDemog;MobileID;START_AUTH;
2018.07.25 10:24:42;openIdDemoc;MobileID;SUCCESSFUL_AUTH;
2018.07.25 10:24:42;openIdDemoh;MobileID;START_AUTH;
2018.07.25 10:24:42;openIdDemoi;MobileID;START_AUTH;
2018.07.25 10:24:42;openIdDemod;MobileID;SUCCESSFUL_AUTH;
2018.07.25 10:24:43;openIdDemoe;MobileID;SUCCESSFUL_AUTH;
2018.07.25 10:24:43;openIdDemof;MobileID;SUCCESSFUL_AUTH;
2018.07.25 10:24:43;openIdDemoj;MobileID;START_AUTH;
2018.07.25 10:24:43;openIdDemoa;MobileID;START_AUTH;
2018.07.25 10:24:44;openIdDemog;MobileID;SUCCESSFUL_AUTH;
2018.07.25 10:24:44;openIdDemob;MobileID;START_AUTH;
2018.07.25 10:24:44;openIdDemoh;MobileID;SUCCESSFUL_AUTH;
2018.07.25 10:24:44;openIdDemoc;MobileID;START_AUTH;
2018.07.25 10:24:45;openIdDemoi;MobileID;SUCCESSFUL_AUTH;
2018.07.25 10:24:45;openIdDemod;MobileID;START_AUTH;
2018.07.25 10:24:45;openIdDemoe;MobileID;START_AUTH;
2018.07.25 10:24:45;openIdDemoj;MobileID;SUCCESSFUL_AUTH;
2018.07.25 10:24:46;openIdDemof;MobileID;START_AUTH;
2018.07.25 10:24:46;openIdDemoa;MobileID;SUCCESSFUL_AUTH;
2018.07.25 10:24:46;openIdDemog;MobileID;START_AUTH;
2018.07.25 10:24:46;openIdDemob;MobileID;SUCCESSFUL_AUTH;
2018.07.25 10:24:47;openIdDemoh;MobileID;START_AUTH;
2018.07.25 10:24:47;openIdDemoc;MobileID;SUCCESSFUL_AUTH;
2018.07.25 10:24:47;openIdDemod;MobileID;SUCCESSFUL_AUTH;
2018.07.25 10:24:47;openIdDemoi;MobileID;START_AUTH;
2018.07.25 10:24:48;openIdDemoe;MobileID;SUCCESSFUL_AUTH;
2018.07.25 10:24:48;openIdDemoj;MobileID;START_AUTH;
2018.07.25 10:24:48;openIdDemof;MobileID;SUCCESSFUL_AUTH;
2018.07.25 10:24:48;openIdDemoa;MobileID;START_AUTH;
2018.07.25 10:24:49;openIdDemog;MobileID;SUCCESSFUL_AUTH;
2018.07.25 10:24:49;openIdDemob;MobileID;START_AUTH;
2018.07.25 10:24:49;openIdDemoc;MobileID;START_AUTH;
2018.07.25 10:24:49;openIdDemoh;MobileID;SUCCESSFUL_AUTH;
2018.07.25 10:24:50;openIdDemod;MobileID;START_AUTH;
2018.07.25 10:24:50;openIdDemoi;MobileID;SUCCESSFUL_AUTH;
2018.07.25 10:24:50;openIdDemoe;MobileID;START_AUTH;
2018.07.25 10:24:51;openIdDemoj;MobileID;SUCCESSFUL_AUTH;
2018.07.25 10:24:51;openIdDemof;MobileID;START_AUTH;
2018.07.25 10:24:51;openIdDemoa;MobileID;SUCCESSFUL_AUTH;
2018.07.25 10:24:52;openIdDemob;MobileID;SUCCESSFUL_AUTH;
2018.07.25 10:24:52;openIdDemog;MobileID;START_AUTH;
2018.07.25 10:24:52;openIdDemoc;MobileID;SUCCESSFUL_AUTH;
2018.07.25 10:24:52;openIdDemod;MobileID;SUCCESSFUL_AUTH;
2018.07.25 10:24:52;openIdDemoi;MobileID;START_AUTH;
2018.07.25 10:24:53;openIdDemoe;MobileID;SUCCESSFUL_AUTH;
2018.07.25 10:24:53;openIdDemoj;MobileID;START_AUTH;
2018.07.25 10:24:53;openIdDemoa;MobileID;START_AUTH;
2018.07.25 10:24:53;openIdDemoh;MobileID;START_AUTH;
2018.07.25 10:24:54;openIdDemof;MobileID;SUCCESSFUL_AUTH;
2018.07.25 10:24:54;openIdDemob;MobileID;START_AUTH;
2018.07.25 10:24:54;openIdDemog;MobileID;SUCCESSFUL_AUTH;
2018.07.25 10:24:54;openIdDemoc;MobileID;START_AUTH;
2018.07.25 10:24:55;openIdDemoh;MobileID;SUCCESSFUL_AUTH;
2018.07.25 10:24:55;openIdDemoi;MobileID;SUCCESSFUL_AUTH;
2018.07.25 10:24:55;openIdDemod;MobileID;START_AUTH;
2018.07.25 10:24:55;openIdDemoe;MobileID;START_AUTH;
2018.07.25 10:24:55;openIdDemoj;MobileID;SUCCESSFUL_AUTH;
2018.07.25 10:24:56;openIdDemof;MobileID;START_AUTH;
2018.07.25 10:24:56;openIdDemoa;MobileID;SUCCESSFUL_AUTH;
2018.07.25 10:24:56;openIdDemog;MobileID;START_AUTH;
2018.07.25 10:24:56;openIdDemob;MobileID;SUCCESSFUL_AUTH;
2018.07.25 10:24:57;openIdDemoc;MobileID;SUCCESSFUL_AUTH;
2018.07.25 10:24:57;openIdDemoh;MobileID;START_AUTH;
2018.07.25 10:24:57;openIdDemoa;MobileID;SUCCESSFUL_AUTH;
2018.07.25 10:24:57;openIdDemob;MobileID;SUCCESSFUL_AUTH;
2018.07.25 10:24:57;openIdDemod;MobileID;SUCCESSFUL_AUTH;
2018.07.25 10:24:57;openIdDemoi;MobileID;START_AUTH;
2018.07.25 10:24:58;openIdDemoc;MobileID;SUCCESSFUL_AUTH;
2018.07.25 10:24:58;openIdDemoe;MobileID;SUCCESSFUL_AUTH;
2018.07.25 10:24:59;openIdDemod;MobileID;SUCCESSFUL_AUTH;
2018.07.25 10:24:59;openIdDemoa;MobileID;START_AUTH;
2018.07.25 10:24:59;openIdDemoe;MobileID;SUCCESSFUL_AUTH;
2018.07.25 10:24:59;openIdDemof;MobileID;SUCCESSFUL_AUTH;
2018.07.25 10:25:00;openIdDemog;MobileID;SUCCESSFUL_AUTH;
2018.07.25 10:25:00;openIdDemoh;MobileID;SUCCESSFUL_AUTH;
2018.07.25 10:25:00;openIdDemog;MobileID;SUCCESSFUL_AUTH;
2018.07.25 10:25:01;openIdDemoi;MobileID;SUCCESSFUL_AUTH;
2018.07.25 10:25:01;openIdDemoj;MobileID;SUCCESSFUL_AUTH;
2018.07.25 10:25:01;openIdDemoi;MobileID;SUCCESSFUL_AUTH;
2018.07.25 10:25:01;openIdDemoa;MobileID;SUCCESSFUL_AUTH;
2018.07.25 10:25:01;openIdDemoe;MobileID;START_AUTH;
2018.07.25 10:25:01;openIdDemoj;MobileID;SUCCESSFUL_AUTH;
2018.07.25 10:25:01;openIdDemof;MobileID;START_AUTH;
2018.07.25 10:25:02;openIdDemod;MobileID;START_AUTH;
2018.07.25 10:25:02;openIdDemoh;MobileID;SUCCESSFUL_AUTH;
2018.07.25 10:25:02;openIdDemoa;MobileID;SUCCESSFUL_AUTH;
2018.07.25 10:25:02;openIdDemob;MobileID;START_AUTH;
2018.07.25 10:25:02;openIdDemob;MobileID;SUCCESSFUL_AUTH;
2018.07.25 10:25:02;openIdDemoc;MobileID;SUCCESSFUL_AUTH;
2018.07.25 10:25:03;openIdDemod;MobileID;SUCCESSFUL_AUTH;
2018.07.25 10:25:03;openIdDemob;MobileID;SUCCESSFUL_AUTH;
2018.07.25 10:25:03;openIdDemof;MobileID;SUCCESSFUL_AUTH;
2018.07.25 10:25:03;openIdDemoe;MobileID;SUCCESSFUL_AUTH;
2018.07.25 10:25:03;openIdDemod;MobileID;SUCCESSFUL_AUTH;
2018.07.25 10:25:03;openIdDemoc;MobileID;SUCCESSFUL_AUTH;
2018.07.25 10:25:03;openIdDemog;MobileID;START_AUTH;
2018.07.25 10:25:04;openIdDemoe;MobileID;SUCCESSFUL_AUTH;
2018.07.25 10:25:05;openIdDemog;MobileID;SUCCESSFUL_AUTH;
2018.07.25 10:25:06;openIdDemoa;MobileID;START_AUTH;
2018.07.25 10:25:06;openIdDemof;MobileID;SUCCESSFUL_AUTH;
2018.07.25 10:25:06;openIdDemog;MobileID;SUCCESSFUL_AUTH;
2018.07.25 10:25:06;openIdDemoi;MobileID;SUCCESSFUL_AUTH;
2018.07.25 10:25:07;openIdDemoh;MobileID;SUCCESSFUL_AUTH;
2018.07.25 10:25:08;openIdDemoa;MobileID;SUCCESSFUL_AUTH;
2018.07.25 10:25:08;openIdDemoa;MobileID;SUCCESSFUL_AUTH;
2018.07.25 10:25:09;openIdDemoj;MobileID;SUCCESSFUL_AUTH;
2018.07.25 10:25:09;openIdDemob;MobileID;SUCCESSFUL_AUTH;
2018.07.25 10:25:09;openIdDemoc;MobileID;START_AUTH;
2018.07.25 10:25:09;openIdDemoc;MobileID;SUCCESSFUL_AUTH;
2018.07.25 10:25:09;openIdDemoe;MobileID;SUCCESSFUL_AUTH;
2018.07.25 10:25:09;openIdDemod;MobileID;SUCCESSFUL_AUTH;
2018.07.25 10:25:09;openIdDemod;MobileID;START_AUTH;
2018.07.25 10:25:09;openIdDemof;MobileID;START_AUTH;
2018.07.25 10:25:09;openIdDemoe;MobileID;START_AUTH;
2018.07.25 10:25:09;openIdDemob;MobileID;START_AUTH;
2018.07.25 10:25:09;openIdDemoe;MobileID;SUCCESSFUL_AUTH;
2018.07.25 10:25:09;openIdDemod;MobileID;SUCCESSFUL_AUTH;
2018.07.25 10:25:09;openIdDemoh;MobileID;START_AUTH;
2018.07.25 10:25:09;openIdDemof;MobileID;SUCCESSFUL_AUTH;
2018.07.25 10:25:09;openIdDemoc;MobileID;START_AUTH;
2018.07.25 10:25:09;openIdDemoa;MobileID;START_AUTH;
2018.07.25 10:25:09;openIdDemoi;MobileID;START_AUTH;
2018.07.25 10:25:10;openIdDemof;MobileID;SUCCESSFUL_AUTH;
2018.07.25 10:25:10;openIdDemob;MobileID;START_AUTH;
2018.07.25 10:25:10;openIdDemog;MobileID;SUCCESSFUL_AUTH;
2018.07.25 10:25:10;openIdDemoj;MobileID;START_AUTH;
2018.07.25 10:25:10;openIdDemob;MobileID;SUCCESSFUL_AUTH;
2018.07.25 10:25:10;openIdDemoh;MobileID;SUCCESSFUL_AUTH;
2018.07.25 10:25:10;openIdDemod;MobileID;START_AUTH;
2018.07.25 10:25:11;openIdDemoe;MobileID;START_AUTH;
2018.07.25 10:25:11;openIdDemoi;MobileID;SUCCESSFUL_AUTH;
2018.07.25 10:25:11;openIdDemof;MobileID;START_AUTH;
2018.07.25 10:25:11;openIdDemog;MobileID;SUCCESSFUL_AUTH;
2018.07.25 10:25:11;openIdDemoj;MobileID;SUCCESSFUL_AUTH;
2018.07.25 10:25:11;openIdDemog;MobileID;START_AUTH;
2018.07.25 10:25:12;openIdDemoh;MobileID;START_AUTH;
2018.07.25 10:25:12;openIdDemoa;MobileID;SUCCESSFUL_AUTH;
2018.07.25 10:25:12;openIdDemob;MobileID;SUCCESSFUL_AUTH;
2018.07.25 10:25:12;openIdDemoc;MobileID;SUCCESSFUL_AUTH;
2018.07.25 10:25:13;openIdDemoj;MobileID;START_AUTH;
2018.07.25 10:25:13;openIdDemoa;MobileID;START_AUTH;
2018.07.25 10:25:13;openIdDemoa;MobileID;SUCCESSFUL_AUTH;
2018.07.25 10:25:14;openIdDemob;MobileID;START_AUTH;
2018.07.25 10:25:14;openIdDemod;MobileID;SUCCESSFUL_AUTH;
2018.07.25 10:25:15;openIdDemod;MobileID;START_AUTH;
2018.07.25 10:25:15;openIdDemoe;MobileID;START_AUTH;
2018.07.25 10:25:16;openIdDemof;MobileID;START_AUTH;
2018.07.25 10:25:16;openIdDemog;MobileID;START_AUTH;
2018.07.25 10:25:16;openIdDemod;MobileID;SUCCESSFUL_AUTH;
2018.07.25 10:25:16;openIdDemoc;MobileID;SUCCESSFUL_AUTH;
2018.07.25 10:25:16;openIdDemoe;MobileID;SUCCESSFUL_AUTH;
2018.07.25 10:25:17;openIdDemoh;MobileID;START_AUTH;
2018.07.25 10:25:17;openIdDemob;MobileID;SUCCESSFUL_AUTH;
2018.07.25 10:25:17;openIdDemof;MobileID;SUCCESSFUL_AUTH;
2018.07.25 10:25:17;openIdDemoh;MobileID;SUCCESSFUL_AUTH;
2018.07.25 10:25:17;openIdDemoa;MobileID;SUCCESSFUL_AUTH;
2018.07.25 10:25:17;openIdDemoc;MobileID;SUCCESSFUL_AUTH;
2018.07.25 10:25:17;openIdDemoi;MobileID;SUCCESSFUL_AUTH;
2018.07.25 10:25:17;openIdDemoe;MobileID;SUCCESSFUL_AUTH;
2018.07.25 10:25:17;openIdDemoi;MobileID;START_AUTH;
2018.07.25 10:25:17;openIdDemob;MobileID;SUCCESSFUL_AUTH;
2018.07.25 10:25:17;openIdDemoj;MobileID;SUCCESSFUL_AUTH;
2018.07.25 10:25:18;openIdDemoj;MobileID;START_AUTH;
2018.07.25 10:25:18;openIdDemod;MobileID;SUCCESSFUL_AUTH;
2018.07.25 10:25:18;openIdDemoe;MobileID;SUCCESSFUL_AUTH;
2018.07.25 10:25:18;openIdDemoa;MobileID;START_AUTH;
2018.07.25 10:25:18;openIdDemof;MobileID;SUCCESSFUL_AUTH;
2018.07.25 10:25:19;openIdDemog;MobileID;SUCCESSFUL_AUTH;
2018.07.25 10:25:19;openIdDemog;MobileID;SUCCESSFUL_AUTH;
2018.07.25 10:25:19;openIdDemob;MobileID;START_AUTH;
2018.07.25 10:25:19;openIdDemoh;MobileID;SUCCESSFUL_AUTH;
2018.07.25 10:25:19;openIdDemoc;MobileID;START_AUTH;
2018.07.25 10:25:19;openIdDemoj;MobileID;SUCCESSFUL_AUTH;
2018.07.25 10:25:20;openIdDemod;MobileID;START_AUTH;
2018.07.25 10:25:20;openIdDemoj;MobileID;SUCCESSFUL_AUTH;
2018.07.25 10:25:20;openIdDemoe;MobileID;START_AUTH;
2018.07.25 10:25:20;openIdDemoa;MobileID;SUCCESSFUL_AUTH;
2018.07.25 10:25:21;openIdDemoi;MobileID;SUCCESSFUL_AUTH;
2018.07.25 10:25:21;openIdDemof;MobileID;START_AUTH;
2018.07.25 10:25:21;openIdDemob;MobileID;SUCCESSFUL_AUTH;
2018.07.25 10:25:21;openIdDemoa;MobileID;SUCCESSFUL_AUTH;
2018.07.25 10:25:21;openIdDemob;MobileID;SUCCESSFUL_AUTH;
2018.07.25 10:25:21;openIdDemog;MobileID;START_AUTH;
2018.07.25 10:25:22;openIdDemoh;MobileID;START_AUTH;
2018.07.25 10:25:22;openIdDemod;MobileID;SUCCESSFUL_AUTH;
2018.07.25 10:25:22;openIdDemoi;MobileID;START_AUTH;
2018.07.25 10:25:22;openIdDemoc;MobileID;SUCCESSFUL_AUTH;
2018.07.25 10:25:22;openIdDemoe;MobileID;SUCCESSFUL_AUTH;
2018.07.25 10:25:23;openIdDemoj;MobileID;START_AUTH;
2018.07.25 10:25:23;openIdDemof;MobileID;SUCCESSFUL_AUTH;
2018.07.25 10:25:23;openIdDemoa;MobileID;START_AUTH;
2018.07.25 10:25:23;openIdDemof;MobileID;SUCCESSFUL_AUTH;
2018.07.25 10:25:23;openIdDemog;MobileID;SUCCESSFUL_AUTH;
2018.07.25 10:25:24;openIdDemob;MobileID;START_AUTH;
2018.07.25 10:25:24;openIdDemod;MobileID;SUCCESSFUL_AUTH;
2018.07.25 10:25:24;openIdDemoh;MobileID;SUCCESSFUL_AUTH;
2018.07.25 10:25:24;openIdDemoc;MobileID;START_AUTH;
2018.07.25 10:25:24;openIdDemoh;MobileID;SUCCESSFUL_AUTH;
2018.07.25 10:25:24;openIdDemoe;MobileID;SUCCESSFUL_AUTH;
2018.07.25 10:25:24;openIdDemoi;MobileID;SUCCESSFUL_AUTH;
2018.07.25 10:25:24;openIdDemog;MobileID;SUCCESSFUL_AUTH;
2018.07.25 10:25:25;openIdDemod;MobileID;START_AUTH;
2018.07.25 10:25:25;openIdDemoj;MobileID;SUCCESSFUL_AUTH;
2018.07.25 10:25:25;openIdDemoi;MobileID;SUCCESSFUL_AUTH;
2018.07.25 10:25:25;openIdDemoa;MobileID;SUCCESSFUL_AUTH;
2018.07.25 10:25:25;openIdDemoe;MobileID;START_AUTH;
2018.07.25 10:25:25;openIdDemoe;MobileID;SUCCESSFUL_AUTH;
2018.07.25 10:25:26;openIdDemoa;MobileID;SUCCESSFUL_AUTH;
2018.07.25 10:25:26;openIdDemod;MobileID;SUCCESSFUL_AUTH;
2018.07.25 10:25:26;openIdDemof;MobileID;START_AUTH;
2018.07.25 10:25:26;openIdDemob;MobileID;SUCCESSFUL_AUTH;
2018.07.25 10:25:26;openIdDemof;MobileID;SUCCESSFUL_AUTH;
2018.07.25 10:25:26;openIdDemob;MobileID;SUCCESSFUL_AUTH;
2018.07.25 10:25:26;openIdDemog;MobileID;START_AUTH;
2018.07.25 10:25:26;openIdDemoc;MobileID;SUCCESSFUL_AUTH;
2018.07.25 10:25:27;openIdDemog;MobileID;SUCCESSFUL_AUTH;
2018.07.25 10:25:27;openIdDemoh;MobileID;START_AUTH;
2018.07.25 10:25:27;openIdDemod;MobileID;SUCCESSFUL_AUTH;
2018.07.25 10:25:27;openIdDemoi;MobileID;START_AUTH;
2018.07.25 10:25:27;openIdDemoe;MobileID;SUCCESSFUL_AUTH;
2018.07.25 10:25:28;openIdDemoj;MobileID;START_AUTH;
2018.07.25 10:25:28;openIdDemof;MobileID;SUCCESSFUL_AUTH;
2018.07.25 10:25:28;openIdDemoa;MobileID;START_AUTH;
2018.07.25 10:25:29;openIdDemoa;MobileID;SUCCESSFUL_AUTH;
2018.07.25 10:25:29;openIdDemob;MobileID;START_AUTH;
2018.07.25 10:25:29;openIdDemog;MobileID;SUCCESSFUL_AUTH;
2018.07.25 10:25:29;openIdDemoh;MobileID;SUCCESSFUL_AUTH;
2018.07.25 10:25:29;openIdDemoi;MobileID;SUCCESSFUL_AUTH;
2018.07.25 10:25:29;openIdDemoc;MobileID;START_AUTH;
2018.07.25 10:25:30;openIdDemod;MobileID;START_AUTH;
2018.07.25 10:25:30;openIdDemoj;MobileID;SUCCESSFUL_AUTH;
2018.07.25 10:25:30;openIdDemoe;MobileID;START_AUTH;
2018.07.25 10:25:30;openIdDemoa;MobileID;SUCCESSFUL_AUTH;
2018.07.25 10:25:31;openIdDemof;MobileID;START_AUTH;
2018.07.25 10:25:31;openIdDemob;MobileID;SUCCESSFUL_AUTH;
2018.07.25 10:25:31;openIdDemog;MobileID;START_AUTH;
2018.07.25 10:25:31;openIdDemoc;MobileID;SUCCESSFUL_AUTH;
2018.07.25 10:25:32;openIdDemod;MobileID;SUCCESSFUL_AUTH;
2018.07.25 10:25:32;openIdDemoh;MobileID;START_AUTH;
2018.07.25 10:25:32;openIdDemoc;MobileID;SUCCESSFUL_AUTH;
2018.07.25 10:25:32;openIdDemod;MobileID;SUCCESSFUL_AUTH;
2018.07.25 10:25:32;openIdDemoe;MobileID;SUCCESSFUL_AUTH;
2018.07.25 10:25:32;openIdDemob;MobileID;SUCCESSFUL_AUTH;
2018.07.25 10:25:32;openIdDemof;MobileID;SUCCESSFUL_AUTH;
2018.07.25 10:25:32;openIdDemoh;MobileID;SUCCESSFUL_AUTH;
2018.07.25 10:25:32;openIdDemoi;MobileID;START_AUTH;
2018.07.25 10:25:32;openIdDemoc;MobileID;SUCCESSFUL_AUTH;
2018.07.25 10:25:32;openIdDemoa;MobileID;SUCCESSFUL_AUTH;
2018.07.25 10:25:32;openIdDemoi;MobileID;SUCCESSFUL_AUTH;
2018.07.25 10:25:33;openIdDemoe;MobileID;SUCCESSFUL_AUTH;
2018.07.25 10:25:33;openIdDemob;MobileID;SUCCESSFUL_AUTH;
2018.07.25 10:25:33;openIdDemoj;MobileID;SUCCESSFUL_AUTH;
2018.07.25 10:25:33;openIdDemoj;MobileID;START_AUTH;
2018.07.25 10:25:33;openIdDemof;MobileID;SUCCESSFUL_AUTH;
2018.07.25 10:25:33;openIdDemoa;MobileID;START_AUTH;
2018.07.25 10:25:33;openIdDemoe;MobileID;SUCCESSFUL_AUTH;
2018.07.25 10:25:34;openIdDemog;MobileID;SUCCESSFUL_AUTH;
2018.07.25 10:25:34;openIdDemob;MobileID;START_AUTH;
2018.07.25 10:25:34;openIdDemof;MobileID;SUCCESSFUL_AUTH;
2018.07.25 10:25:34;openIdDemoh;MobileID;SUCCESSFUL_AUTH;
2018.07.25 10:25:34;openIdDemog;MobileID;SUCCESSFUL_AUTH;
2018.07.25 10:25:34;openIdDemoc;MobileID;START_AUTH;
2018.07.25 10:25:34;openIdDemoh;MobileID;SUCCESSFUL_AUTH;
2018.07.25 10:25:35;openIdDemoi;MobileID;SUCCESSFUL_AUTH;
2018.07.25 10:25:35;openIdDemod;MobileID;START_AUTH;
2018.07.25 10:25:35;openIdDemoj;MobileID;SUCCESSFUL_AUTH;
2018.07.25 10:25:35;openIdDemoj;MobileID;SUCCESSFUL_AUTH;
2018.07.25 10:25:35;openIdDemoe;MobileID;START_AUTH;
2018.07.25 10:25:36;openIdDemoa;MobileID;SUCCESSFUL_AUTH;
2018.07.25 10:25:36;openIdDemoa;MobileID;SUCCESSFUL_AUTH;
2018.07.25 10:25:36;openIdDemof;MobileID;START_AUTH;
2018.07.25 10:25:36;openIdDemob;MobileID;SUCCESSFUL_AUTH;
2018.07.25 10:25:36;openIdDemog;MobileID;START_AUTH;
2018.07.25 10:25:37;openIdDemob;MobileID;SUCCESSFUL_AUTH;
2018.07.25 10:25:37;openIdDemoh;MobileID;START_AUTH;
2018.07.25 10:25:37;openIdDemoc;MobileID;SUCCESSFUL_AUTH;
2018.07.25 10:25:37;openIdDemod;MobileID;SUCCESSFUL_AUTH;
2018.07.25 10:25:37;openIdDemoi;MobileID;START_AUTH;
2018.07.25 10:25:37;openIdDemod;MobileID;SUCCESSFUL_AUTH;
2018.07.25 10:25:37;openIdDemoe;MobileID;SUCCESSFUL_AUTH;
2018.07.25 10:25:38;openIdDemoe;MobileID;SUCCESSFUL_AUTH;
2018.07.25 10:25:38;openIdDemoj;MobileID;START_AUTH;
2018.07.25 10:25:38;openIdDemof;MobileID;SUCCESSFUL_AUTH;
2018.07.25 10:25:38;openIdDemoa;MobileID;START_AUTH;
2018.07.25 10:25:38;openIdDemof;MobileID;SUCCESSFUL_AUTH;
2018.07.25 10:25:39;openIdDemog;MobileID;SUCCESSFUL_AUTH;
2018.07.25 10:25:39;openIdDemob;MobileID;START_AUTH;
2018.07.25 10:25:39;openIdDemog;MobileID;SUCCESSFUL_AUTH;
2018.07.25 10:25:39;openIdDemoh;MobileID;SUCCESSFUL_AUTH;
2018.07.25 10:25:39;openIdDemoc;MobileID;START_AUTH;
2018.07.25 10:25:39;openIdDemoh;MobileID;SUCCESSFUL_AUTH;
2018.07.25 10:25:40;openIdDemoi;MobileID;SUCCESSFUL_AUTH;
2018.07.25 10:25:40;openIdDemod;MobileID;START_AUTH;
2018.07.25 10:25:40;openIdDemoi;MobileID;SUCCESSFUL_AUTH;
2018.07.25 10:25:40;openIdDemoj;MobileID;SUCCESSFUL_AUTH;
2018.07.25 10:25:40;openIdDemoe;MobileID;START_AUTH;
2018.07.25 10:25:40;openIdDemoj;MobileID;SUCCESSFUL_AUTH;
2018.07.25 10:25:41;openIdDemoa;MobileID;SUCCESSFUL_AUTH;
2018.07.25 10:25:41;openIdDemof;MobileID;START_AUTH;
2018.07.25 10:25:41;openIdDemob;MobileID;SUCCESSFUL_AUTH;
2018.07.25 10:25:41;openIdDemoa;MobileID;SUCCESSFUL_AUTH;
2018.07.25 10:25:41;openIdDemog;MobileID;START_AUTH;
2018.07.25 10:25:42;openIdDemoc;MobileID;SUCCESSFUL_AUTH;
2018.07.25 10:25:42;openIdDemob;MobileID;SUCCESSFUL_AUTH;
2018.07.25 10:25:42;openIdDemoh;MobileID;START_AUTH;
2018.07.25 10:25:42;openIdDemoc;MobileID;SUCCESSFUL_AUTH;
2018.07.25 10:25:42;openIdDemod;MobileID;SUCCESSFUL_AUTH;
2018.07.25 10:25:42;openIdDemoi;MobileID;START_AUTH;
2018.07.25 10:25:42;openIdDemod;MobileID;SUCCESSFUL_AUTH;
2018.07.25 10:25:43;openIdDemoe;MobileID;SUCCESSFUL_AUTH;
2018.07.25 10:25:43;openIdDemoe;MobileID;SUCCESSFUL_AUTH;
2018.07.25 10:25:43;openIdDemoj;MobileID;START_AUTH;
2018.07.25 10:25:43;openIdDemoa;MobileID;START_AUTH;
2018.07.25 10:25:43;openIdDemof;MobileID;SUCCESSFUL_AUTH;
2018.07.25 10:25:43;openIdDemof;MobileID;SUCCESSFUL_AUTH;
2018.07.25 10:25:44;openIdDemob;MobileID;START_AUTH;
2018.07.25 10:25:44;openIdDemog;MobileID;SUCCESSFUL_AUTH;
2018.07.25 10:25:44;openIdDemoh;MobileID;SUCCESSFUL_AUTH;
2018.07.25 10:25:44;openIdDemog;MobileID;SUCCESSFUL_AUTH;
2018.07.25 10:25:44;openIdDemoc;MobileID;START_AUTH;
2018.07.25 10:25:44;openIdDemoh;MobileID;SUCCESSFUL_AUTH;
2018.07.25 10:25:45;openIdDemoi;MobileID;SUCCESSFUL_AUTH;
2018.07.25 10:25:45;openIdDemod;MobileID;START_AUTH;
2018.07.25 10:25:45;openIdDemoi;MobileID;SUCCESSFUL_AUTH;
2018.07.25 10:25:45;openIdDemoj;MobileID;SUCCESSFUL_AUTH;
2018.07.25 10:25:45;openIdDemoj;MobileID;SUCCESSFUL_AUTH;
2018.07.25 10:25:45;openIdDemoe;MobileID;START_AUTH;
2018.07.25 10:25:46;openIdDemoa;MobileID;SUCCESSFUL_AUTH;
2018.07.25 10:25:46;openIdDemof;MobileID;START_AUTH;
2018.07.25 10:25:46;openIdDemoa;MobileID;SUCCESSFUL_AUTH;
2018.07.25 10:25:46;openIdDemob;MobileID;SUCCESSFUL_AUTH;
2018.07.25 10:25:46;openIdDemog;MobileID;START_AUTH;
2018.07.25 10:25:46;openIdDemob;MobileID;SUCCESSFUL_AUTH;
2018.07.25 10:25:47;openIdDemoc;MobileID;SUCCESSFUL_AUTH;
2018.07.25 10:25:47;openIdDemoh;MobileID;START_AUTH;
2018.07.25 10:25:47;openIdDemoc;MobileID;SUCCESSFUL_AUTH;
2018.07.25 10:25:47;openIdDemod;MobileID;SUCCESSFUL_AUTH;
2018.07.25 10:25:47;openIdDemoi;MobileID;START_AUTH;
2018.07.25 10:25:48;openIdDemod;MobileID;SUCCESSFUL_AUTH;
2018.07.25 10:25:48;openIdDemoe;MobileID;SUCCESSFUL_AUTH;
2018.07.25 10:25:48;openIdDemoj;MobileID;START_AUTH;
2018.07.25 10:25:48;openIdDemof;MobileID;SUCCESSFUL_AUTH;
2018.07.25 10:25:48;openIdDemoa;MobileID;START_AUTH;
2018.07.25 10:25:48;openIdDemoe;MobileID;SUCCESSFUL_AUTH;
2018.07.25 10:25:49;openIdDemog;MobileID;SUCCESSFUL_AUTH;
2018.07.25 10:25:49;openIdDemob;MobileID;START_AUTH;
2018.07.25 10:25:49;openIdDemof;MobileID;SUCCESSFUL_AUTH;
2018.07.25 10:25:49;openIdDemoh;MobileID;SUCCESSFUL_AUTH;
2018.07.25 10:25:49;openIdDemog;MobileID;SUCCESSFUL_AUTH;
2018.07.25 10:25:49;openIdDemoc;MobileID;START_AUTH;
2018.07.25 10:25:49;openIdDemoh;MobileID;SUCCESSFUL_AUTH;
2018.07.25 10:25:50;openIdDemoi;MobileID;SUCCESSFUL_AUTH;
2018.07.25 10:25:50;openIdDemod;MobileID;START_AUTH;
2018.07.25 10:25:50;openIdDemoi;MobileID;SUCCESSFUL_AUTH;
2018.07.25 10:25:50;openIdDemoj;MobileID;SUCCESSFUL_AUTH;
2018.07.25 10:25:50;openIdDemoe;MobileID;START_AUTH;
2018.07.25 10:25:50;openIdDemoj;MobileID;SUCCESSFUL_AUTH;
2018.07.25 10:25:51;openIdDemoa;MobileID;SUCCESSFUL_AUTH;
2018.07.25 10:25:51;openIdDemof;MobileID;START_AUTH;
2018.07.25 10:25:51;openIdDemob;MobileID;SUCCESSFUL_AUTH;
2018.07.25 10:25:51;openIdDemoa;MobileID;SUCCESSFUL_AUTH;
2018.07.25 10:25:51;openIdDemog;MobileID;START_AUTH;
2018.07.25 10:25:51;openIdDemob;MobileID;SUCCESSFUL_AUTH;
2018.07.25 10:25:52;openIdDemoc;MobileID;SUCCESSFUL_AUTH;
2018.07.25 10:25:52;openIdDemoh;MobileID;START_AUTH;
2018.07.25 10:25:52;openIdDemoc;MobileID;SUCCESSFUL_AUTH;
2018.07.25 10:25:52;openIdDemoi;MobileID;START_AUTH;
2018.07.25 10:25:52;openIdDemod;MobileID;SUCCESSFUL_AUTH;
2018.07.25 10:25:52;openIdDemod;MobileID;SUCCESSFUL_AUTH;
2018.07.25 10:25:53;openIdDemoj;MobileID;START_AUTH;
2018.07.25 10:25:53;openIdDemoe;MobileID;SUCCESSFUL_AUTH;
2018.07.25 10:25:53;openIdDemoe;MobileID;SUCCESSFUL_AUTH;
2018.07.25 10:25:53;openIdDemof;MobileID;SUCCESSFUL_AUTH;
2018.07.25 10:25:53;openIdDemoa;MobileID;START_AUTH;
2018.07.25 10:25:53;openIdDemof;MobileID;SUCCESSFUL_AUTH;
2018.07.25 10:25:54;openIdDemog;MobileID;SUCCESSFUL_AUTH;
2018.07.25 10:25:54;openIdDemob;MobileID;START_AUTH;
2018.07.25 10:25:54;openIdDemog;MobileID;SUCCESSFUL_AUTH;
2018.07.25 10:25:54;openIdDemoh;MobileID;SUCCESSFUL_AUTH;
2018.07.25 10:25:54;openIdDemoc;MobileID;START_AUTH;
2018.07.25 10:25:54;openIdDemoh;MobileID;SUCCESSFUL_AUTH;
2018.07.25 10:25:55;openIdDemoi;MobileID;SUCCESSFUL_AUTH;
2018.07.25 10:25:55;openIdDemod;MobileID;START_AUTH;
2018.07.25 10:25:55;openIdDemoi;MobileID;SUCCESSFUL_AUTH;
2018.07.25 10:25:55;openIdDemoj;MobileID;SUCCESSFUL_AUTH;
2018.07.25 10:25:55;openIdDemoe;MobileID;START_AUTH;
2018.07.25 10:25:56;openIdDemoa;MobileID;SUCCESSFUL_AUTH;
2018.07.25 10:25:56;openIdDemoj;MobileID;SUCCESSFUL_AUTH;
2018.07.25 10:25:56;openIdDemof;MobileID;START_AUTH;
2018.07.25 10:25:56;openIdDemob;MobileID;SUCCESSFUL_AUTH;
2018.07.25 10:25:56;openIdDemoa;MobileID;SUCCESSFUL_AUTH;
2018.07.25 10:25:56;openIdDemog;MobileID;START_AUTH;
2018.07.25 10:25:56;openIdDemob;MobileID;SUCCESSFUL_AUTH;
2018.07.25 10:25:57;openIdDemoc;MobileID;SUCCESSFUL_AUTH;
2018.07.25 10:25:57;openIdDemoh;MobileID;START_AUTH;
2018.07.25 10:25:57;openIdDemoc;MobileID;SUCCESSFUL_AUTH;
2018.07.25 10:25:57;openIdDemod;MobileID;SUCCESSFUL_AUTH;
2018.07.25 10:25:57;openIdDemoi;MobileID;START_AUTH;
2018.07.25 10:25:58;openIdDemod;MobileID;SUCCESSFUL_AUTH;
2018.07.25 10:25:58;openIdDemoe;MobileID;SUCCESSFUL_AUTH;
2018.07.25 10:25:58;openIdDemoj;MobileID;START_AUTH;
2018.07.25 10:25:58;openIdDemof;MobileID;SUCCESSFUL_AUTH;
2018.07.25 10:25:58;openIdDemoe;MobileID;SUCCESSFUL_AUTH;
2018.07.25 10:25:58;openIdDemoa;MobileID;START_AUTH;
2018.07.25 10:25:59;openIdDemog;MobileID;SUCCESSFUL_AUTH;
2018.07.25 10:25:59;openIdDemof;MobileID;SUCCESSFUL_AUTH;
2018.07.25 10:25:59;openIdDemob;MobileID;START_AUTH;
2018.07.25 10:25:59;openIdDemoh;MobileID;SUCCESSFUL_AUTH;
2018.07.25 10:25:59;openIdDemog;MobileID;SUCCESSFUL_AUTH;
2018.07.25 10:25:59;openIdDemoc;MobileID;START_AUTH;
2018.07.25 10:25:59;openIdDemoh;MobileID;SUCCESSFUL_AUTH;
2018.07.25 10:26:00;openIdDemoi;MobileID;SUCCESSFUL_AUTH;
2018.07.25 10:26:00;openIdDemod;MobileID;START_AUTH;
2018.07.25 10:26:00;openIdDemoj;MobileID;SUCCESSFUL_AUTH;
2018.07.25 10:26:00;openIdDemoi;MobileID;SUCCESSFUL_AUTH;
2018.07.25 10:26:00;openIdDemoe;MobileID;START_AUTH;
2018.07.25 10:26:01;openIdDemoa;MobileID;SUCCESSFUL_AUTH;
2018.07.25 10:26:01;openIdDemoj;MobileID;SUCCESSFUL_AUTH;
2018.07.25 10:26:01;openIdDemof;MobileID;START_AUTH;
2018.07.25 10:26:01;openIdDemoa;MobileID;SUCCESSFUL_AUTH;
2018.07.25 10:26:01;openIdDemob;MobileID;SUCCESSFUL_AUTH;
2018.07.25 10:26:01;openIdDemog;MobileID;START_AUTH;
2018.07.25 10:26:01;openIdDemob;MobileID;SUCCESSFUL_AUTH;
2018.07.25 10:26:02;openIdDemoc;MobileID;SUCCESSFUL_AUTH;
2018.07.25 10:26:02;openIdDemoh;MobileID;START_AUTH;
2018.07.25 10:26:02;openIdDemoc;MobileID;SUCCESSFUL_AUTH;
2018.07.25 10:26:02;openIdDemod;MobileID;SUCCESSFUL_AUTH;
2018.07.25 10:26:02;openIdDemoi;MobileID;START_AUTH;
2018.07.25 10:26:02;openIdDemod;MobileID;SUCCESSFUL_AUTH;
2018.07.25 10:26:03;openIdDemoe;MobileID;SUCCESSFUL_AUTH;
2018.07.25 10:26:03;openIdDemoj;MobileID;START_AUTH;
2018.07.25 10:26:03;openIdDemoe;MobileID;SUCCESSFUL_AUTH;
2018.07.25 10:26:03;openIdDemof;MobileID;SUCCESSFUL_AUTH;
2018.07.25 10:26:03;openIdDemoa;MobileID;START_AUTH;
2018.07.25 10:26:03;openIdDemof;MobileID;SUCCESSFUL_AUTH;
2018.07.25 10:26:04;openIdDemog;MobileID;SUCCESSFUL_AUTH;
2018.07.25 10:26:04;openIdDemob;MobileID;START_AUTH;
2018.07.25 10:26:04;openIdDemog;MobileID;SUCCESSFUL_AUTH;
2018.07.25 10:26:04;openIdDemoh;MobileID;SUCCESSFUL_AUTH;
2018.07.25 10:26:04;openIdDemoc;MobileID;START_AUTH;
2018.07.25 10:26:04;openIdDemoh;MobileID;SUCCESSFUL_AUTH;
2018.07.25 10:26:05;openIdDemoi;MobileID;SUCCESSFUL_AUTH;
2018.07.25 10:26:05;openIdDemod;MobileID;START_AUTH;
2018.07.25 10:26:05;openIdDemoi;MobileID;SUCCESSFUL_AUTH;
2018.07.25 10:26:05;openIdDemoj;MobileID;SUCCESSFUL_AUTH;
2018.07.25 10:26:05;openIdDemoe;MobileID;START_AUTH;
2018.07.25 10:26:06;openIdDemoj;MobileID;SUCCESSFUL_AUTH;
2018.07.25 10:26:06;openIdDemof;MobileID;START_AUTH;
2018.07.25 10:26:06;openIdDemoa;MobileID;SUCCESSFUL_AUTH;
2018.07.25 10:26:06;openIdDemoa;MobileID;SUCCESSFUL_AUTH;
2018.07.25 10:26:06;openIdDemog;MobileID;START_AUTH;
2018.07.25 10:26:06;openIdDemob;MobileID;SUCCESSFUL_AUTH;
2018.07.25 10:26:06;openIdDemob;MobileID;SUCCESSFUL_AUTH;
2018.07.25 10:26:07;openIdDemoc;MobileID;SUCCESSFUL_AUTH;
2018.07.25 10:26:07;openIdDemoh;MobileID;START_AUTH;
2018.07.25 10:26:07;openIdDemoc;MobileID;SUCCESSFUL_AUTH;
2018.07.25 10:26:07;openIdDemod;MobileID;SUCCESSFUL_AUTH;
2018.07.25 10:26:07;openIdDemoi;MobileID;START_AUTH;
2018.07.25 10:26:08;openIdDemoe;MobileID;SUCCESSFUL_AUTH;
2018.07.25 10:26:08;openIdDemod;MobileID;SUCCESSFUL_AUTH;
2018.07.25 10:26:08;openIdDemoj;MobileID;START_AUTH;
2018.07.25 10:26:08;openIdDemof;MobileID;SUCCESSFUL_AUTH;
2018.07.25 10:26:08;openIdDemoe;MobileID;SUCCESSFUL_AUTH;
2018.07.25 10:26:08;openIdDemoa;MobileID;START_AUTH;
2018.07.25 10:26:08;openIdDemof;MobileID;SUCCESSFUL_AUTH;
2018.07.25 10:26:09;openIdDemog;MobileID;SUCCESSFUL_AUTH;
2018.07.25 10:26:09;openIdDemob;MobileID;START_AUTH;
2018.07.25 10:26:09;openIdDemog;MobileID;SUCCESSFUL_AUTH;
2018.07.25 10:26:09;openIdDemoh;MobileID;SUCCESSFUL_AUTH;
2018.07.25 10:26:09;openIdDemoc;MobileID;START_AUTH;
2018.07.25 10:26:10;openIdDemoh;MobileID;SUCCESSFUL_AUTH;
2018.07.25 10:26:10;openIdDemoi;MobileID;SUCCESSFUL_AUTH;
2018.07.25 10:26:10;openIdDemod;MobileID;START_AUTH;
2018.07.25 10:26:10;openIdDemoi;MobileID;SUCCESSFUL_AUTH;
2018.07.25 10:26:10;openIdDemoj;MobileID;SUCCESSFUL_AUTH;
2018.07.25 10:26:10;openIdDemoe;MobileID;START_AUTH;
2018.07.25 10:26:11;openIdDemoj;MobileID;SUCCESSFUL_AUTH;
2018.07.25 10:26:11;openIdDemoa;MobileID;SUCCESSFUL_AUTH;
2018.07.25 10:26:11;openIdDemof;MobileID;START_AUTH;
2018.07.25 10:26:11;openIdDemoa;MobileID;SUCCESSFUL_AUTH;
2018.07.25 10:26:11;openIdDemob;MobileID;SUCCESSFUL_AUTH;
2018.07.25 10:26:11;openIdDemog;MobileID;START_AUTH;
2018.07.25 10:26:11;openIdDemob;MobileID;SUCCESSFUL_AUTH;
2018.07.25 10:26:12;openIdDemoc;MobileID;SUCCESSFUL_AUTH;
2018.07.25 10:26:12;openIdDemoh;MobileID;START_AUTH;
2018.07.25 10:26:12;openIdDemoc;MobileID;SUCCESSFUL_AUTH;
2018.07.25 10:26:12;openIdDemod;MobileID;SUCCESSFUL_AUTH;
2018.07.25 10:26:12;openIdDemoi;MobileID;START_AUTH;
2018.07.25 10:26:12;openIdDemod;MobileID;SUCCESSFUL_AUTH;
2018.07.25 10:26:13;openIdDemoe;MobileID;SUCCESSFUL_AUTH;
2018.07.25 10:26:13;openIdDemoj;MobileID;START_AUTH;
2018.07.25 10:26:13;openIdDemoe;MobileID;SUCCESSFUL_AUTH;
2018.07.25 10:26:13;openIdDemof;MobileID;SUCCESSFUL_AUTH;
2018.07.25 10:26:14;openIdDemog;MobileID;SUCCESSFUL_AUTH;
2018.07.25 10:26:14;openIdDemof;MobileID;SUCCESSFUL_AUTH;
2018.07.25 10:26:14;openIdDemog;MobileID;SUCCESSFUL_AUTH;
2018.07.25 10:26:14;openIdDemoh;MobileID;SUCCESSFUL_AUTH;
2018.07.25 10:26:15;openIdDemoh;MobileID;SUCCESSFUL_AUTH;
2018.07.25 10:26:15;openIdDemoi;MobileID;SUCCESSFUL_AUTH;
2018.07.25 10:26:15;openIdDemoi;MobileID;SUCCESSFUL_AUTH;
2018.07.25 10:26:15;openIdDemoj;MobileID;SUCCESSFUL_AUTH;
2018.07.25 10:26:15;openIdDemoj;MobileID;SUCCESSFUL_AUTH;
2018.07.25 10:26:16;openIdDemoa;MobileID;SUCCESSFUL_AUTH;
2018.07.25 10:26:16;openIdDemoa;MobileID;SUCCESSFUL_AUTH;
2018.07.25 10:26:16;openIdDemob;MobileID;SUCCESSFUL_AUTH;
2018.07.25 10:26:17;openIdDemob;MobileID;SUCCESSFUL_AUTH;
2018.07.25 10:26:17;openIdDemoc;MobileID;SUCCESSFUL_AUTH;
2018.07.25 10:26:17;openIdDemoc;MobileID;SUCCESSFUL_AUTH;
2018.07.25 10:26:17;openIdDemod;MobileID;SUCCESSFUL_AUTH;
2018.07.25 10:26:18;openIdDemod;MobileID;SUCCESSFUL_AUTH;
2018.07.25 10:26:18;openIdDemoe;MobileID;SUCCESSFUL_AUTH;
2018.07.25 10:26:18;openIdDemoe;MobileID;SUCCESSFUL_AUTH;
2018.07.25 10:26:18;openIdDemof;MobileID;SUCCESSFUL_AUTH;
2018.07.25 10:26:19;openIdDemof;MobileID;SUCCESSFUL_AUTH;
2018.07.25 10:26:19;openIdDemog;MobileID;SUCCESSFUL_AUTH;
2018.07.25 10:26:19;openIdDemoh;MobileID;SUCCESSFUL_AUTH;
2018.07.25 10:26:19;openIdDemog;MobileID;SUCCESSFUL_AUTH;
2018.07.25 10:26:20;openIdDemoh;MobileID;SUCCESSFUL_AUTH;
2018.07.25 10:26:20;openIdDemoi;MobileID;SUCCESSFUL_AUTH;
2018.07.25 10:26:20;openIdDemoi;MobileID;SUCCESSFUL_AUTH;
2018.07.25 10:26:20;openIdDemoj;MobileID;SUCCESSFUL_AUTH;
2018.07.25 10:26:21;openIdDemoj;MobileID;SUCCESSFUL_AUTH;
2018.07.25 10:26:21;openIdDemoa;MobileID;SUCCESSFUL_AUTH;
2018.07.25 10:26:22;openIdDemob;MobileID;SUCCESSFUL_AUTH;
2018.07.25 10:26:22;openIdDemoc;MobileID;SUCCESSFUL_AUTH;
2018.07.25 10:26:23;openIdDemod;MobileID;SUCCESSFUL_AUTH;
2018.07.25 10:26:23;openIdDemoe;MobileID;SUCCESSFUL_AUTH;
2018.07.25 10:26:24;openIdDemof;MobileID;SUCCESSFUL_AUTH;
2018.07.25 10:26:24;openIdDemog;MobileID;SUCCESSFUL_AUTH;
2018.07.25 10:26:25;openIdDemoh;MobileID;SUCCESSFUL_AUTH;
2018.07.25 10:26:25;openIdDemoi;MobileID;SUCCESSFUL_AUTH;
2018.07.25 10:26:26;openIdDemoj;MobileID;SUCCESSFUL_AUTH;
2018.07.25 10:26:26;openIdDemoa;MobileID;SUCCESSFUL_AUTH;
2018.07.25 10:26:27;openIdDemob;MobileID;SUCCESSFUL_AUTH;
2018.07.25 10:26:27;openIdDemoc;MobileID;SUCCESSFUL_AUTH;
2018.07.25 10:26:28;openIdDemod;MobileID;SUCCESSFUL_AUTH;
2018.07.25 10:26:28;openIdDemoe;MobileID;SUCCESSFUL_AUTH;
2018.07.25 10:26:29;openIdDemof;MobileID;SUCCESSFUL_AUTH;
2018.07.25 10:26:29;openIdDemog;MobileID;SUCCESSFUL_AUTH;
2018.07.25 10:26:30;openIdDemoh;MobileID;SUCCESSFUL_AUTH;
2018.07.25 10:26:31;openIdDemoi;MobileID;SUCCESSFUL_AUTH;
2018.07.25 10:26:31;openIdDemoj;MobileID;SUCCESSFUL_AUTH;
2018.07.25 10:26:31;openIdDemoa;MobileID;SUCCESSFUL_AUTH;
2018.07.25 10:26:32;openIdDemob;MobileID;SUCCESSFUL_AUTH;
2018.07.25 10:26:33;openIdDemoc;MobileID;SUCCESSFUL_AUTH;
2018.07.25 10:26:33;openIdDemod;MobileID;SUCCESSFUL_AUTH;
2018.07.25 10:26:34;openIdDemoe;MobileID;SUCCESSFUL_AUTH;
2018.07.25 10:26:34;openIdDemof;MobileID;SUCCESSFUL_AUTH;
2018.07.25 10:26:35;openIdDemog;MobileID;SUCCESSFUL_AUTH;
2018.07.25 10:26:35;openIdDemoh;MobileID;SUCCESSFUL_AUTH;
2018.07.25 10:26:36;openIdDemoi;MobileID;SUCCESSFUL_AUTH;
2018.07.25 10:26:37;openIdDemoj;MobileID;SUCCESSFUL_AUTH;
